  [1m[36m (10.3ms)[0m  [1mCREATE TABLE "schema_migrations" ("version" varchar NOT NULL) [0m
  [1m[35m (0.6ms)[0m  select sqlite_version(*)
  [1m[36m (6.3ms)[0m  [1mCREATE UNIQUE INDEX "unique_schema_migrations" ON "schema_migrations" ("version")[0m
  [1m[35mActiveRecord::SchemaMigration Load (0.4ms)[0m  SELECT "schema_migrations".* FROM "schema_migrations"
Migrating to CreateProducts (20150602025046)
  [1m[36m (0.4ms)[0m  [1mbegin transaction[0m
  [1m[35m (1.1ms)[0m  CREATE TABLE "products" ("id" INTEGER PRIMARY KEY AUTOINCREMENT NOT NULL, "title" varchar, "description" text, "image_url" varchar, "price" decimal(8,2), "created_at" datetime NOT NULL, "updated_at" datetime NOT NULL) 
  [1m[36mSQL (0.6ms)[0m  [1mINSERT INTO "schema_migrations" ("version") VALUES (?)[0m  [["version", "20150602025046"]]
  [1m[35m (13.4ms)[0m  commit transaction
  [1m[36mActiveRecord::SchemaMigration Load (0.3ms)[0m  [1mSELECT "schema_migrations".* FROM "schema_migrations"[0m


Started GET "/products" for 127.0.0.1 at 2015-06-02 11:51:58 +0900
  [1m[36mActiveRecord::SchemaMigration Load (3.2ms)[0m  [1mSELECT "schema_migrations".* FROM "schema_migrations"[0m
Processing by ProductsController#index as HTML
  [1m[35mProduct Load (0.9ms)[0m  SELECT "products".* FROM "products"
  Rendered products/index.html.erb within layouts/application (32.8ms)
Completed 200 OK in 10592ms (Views: 10469.5ms | ActiveRecord: 1.6ms)


Started GET "/assets/scaffolds.self-973de3d535a37ea271c22b382180e94e55428d78a1f5ca24deae01b1f4347082.css?body=1" for 127.0.0.1 at 2015-06-02 11:52:11 +0900


Started GET "/products/new" for 127.0.0.1 at 2015-06-02 11:52:14 +0900
Processing by ProductsController#new as HTML
  Rendered products/_form.html.erb (375.7ms)
  Rendered products/new.html.erb within layouts/application (400.3ms)
Completed 200 OK in 708ms (Views: 588.3ms | ActiveRecord: 2.6ms)


Started POST "/products" for 127.0.0.1 at 2015-06-02 11:52:28 +0900
Processing by ProductsController#create as HTML
  Parameters: {"utf8"=>"✓", "authenticity_token"=>"GMQesOsLtPYFHsrd0fcQDDLh2SPKJQs4PJH3jWyRAH6VfYQcMCcjrP0IlqgkWhx/1TYXwbrmP2vRYJ+vNjmg2w==", "product"=>{"title"=>"순하리", "description"=>"개존맛", "image_url"=>"아직..", "price"=>"3000.00"}, "commit"=>"Create Product"}
  [1m[36m (0.3ms)[0m  [1mbegin transaction[0m
  [1m[35mSQL (1.1ms)[0m  INSERT INTO "products" ("title", "description", "image_url", "price", "created_at", "updated_at") VALUES (?, ?, ?, ?, ?, ?)  [["title", "순하리"], ["description", "개존맛"], ["image_url", "아직.."], ["price", 3000.0], ["created_at", "2015-06-02 02:52:28.132698"], ["updated_at", "2015-06-02 02:52:28.132698"]]
  [1m[36m (16.3ms)[0m  [1mcommit transaction[0m
Redirected to http://localhost:3000/products/1
Completed 302 Found in 75ms (ActiveRecord: 17.7ms)


Started GET "/products/1" for 127.0.0.1 at 2015-06-02 11:52:28 +0900
Processing by ProductsController#show as HTML
  Parameters: {"id"=>"1"}
  [1m[35mProduct Load (8.4ms)[0m  SELECT  "products".* FROM "products" WHERE "products"."id" = ? LIMIT 1  [["id", 1]]
  Rendered products/show.html.erb within layouts/application (27.9ms)
Completed 200 OK in 479ms (Views: 381.7ms | ActiveRecord: 8.4ms)


Started GET "/products" for 127.0.0.1 at 2015-06-02 12:30:59 +0900
Processing by ProductsController#index as HTML
  [1m[36mProduct Load (8.2ms)[0m  [1mSELECT "products".* FROM "products"[0m
  Rendered products/index.html.erb within layouts/application (78.8ms)
Completed 200 OK in 592ms (Views: 559.7ms | ActiveRecord: 8.2ms)


Started GET "/products" for 127.0.0.1 at 2015-06-02 13:02:22 +0900
Processing by ProductsController#index as HTML
  Rendered products/index.html.erb within layouts/application (28.2ms)
Completed 500 Internal Server Error in 92ms (ActiveRecord: 0.0ms)

SyntaxError (/home/lth/bshop/app/views/products/index.html.erb:21: syntax error, unexpected tIVAR, expecting ')'
@output_buffer.safe_append='        </td>
              ^):
  app/views/products/index.html.erb:21: syntax error, unexpected tIVAR, expecting ')'


  Rendered /home/lth/.rvm/gems/ruby-2.0.0-p643/gems/actionpack-4.2.1/lib/action_dispatch/middleware/templates/rescues/_source.erb (199.4ms)
  Rendered /home/lth/.rvm/gems/ruby-2.0.0-p643/gems/actionpack-4.2.1/lib/action_dispatch/middleware/templates/rescues/_trace.html.erb (66.0ms)
  Rendered /home/lth/.rvm/gems/ruby-2.0.0-p643/gems/actionpack-4.2.1/lib/action_dispatch/middleware/templates/rescues/_request_and_response.html.erb (660.2ms)
  Rendered /home/lth/.rvm/gems/ruby-2.0.0-p643/gems/actionpack-4.2.1/lib/action_dispatch/middleware/templates/rescues/diagnostics.html.erb within rescues/layout (1142.5ms)
  Rendered /home/lth/.rvm/gems/ruby-2.0.0-p643/gems/web-console-2.1.2/lib/web_console/templates/_markup.html.erb (34.2ms)
  Rendered /home/lth/.rvm/gems/ruby-2.0.0-p643/gems/web-console-2.1.2/lib/web_console/templates/style.css.erb within layouts/inlined_string (7.6ms)
  Rendered /home/lth/.rvm/gems/ruby-2.0.0-p643/gems/web-console-2.1.2/lib/web_console/templates/_inner_console_markup.html.erb within layouts/inlined_string (2.7ms)
  Rendered /home/lth/.rvm/gems/ruby-2.0.0-p643/gems/web-console-2.1.2/lib/web_console/templates/_prompt_box_markup.html.erb within layouts/inlined_string (25.8ms)
  Rendered /home/lth/.rvm/gems/ruby-2.0.0-p643/gems/web-console-2.1.2/lib/web_console/templates/console.js.erb within layouts/javascript (229.4ms)
  Rendered /home/lth/.rvm/gems/ruby-2.0.0-p643/gems/web-console-2.1.2/lib/web_console/templates/main.js.erb within layouts/javascript (2.0ms)
  Rendered /home/lth/.rvm/gems/ruby-2.0.0-p643/gems/web-console-2.1.2/lib/web_console/templates/error_page.js.erb within layouts/javascript (17.2ms)
  Rendered /home/lth/.rvm/gems/ruby-2.0.0-p643/gems/web-console-2.1.2/lib/web_console/templates/index.html.erb (514.5ms)


Started GET "/products" for 127.0.0.1 at 2015-06-02 13:05:43 +0900
Processing by ProductsController#index as HTML
  [1m[35mProduct Load (7.2ms)[0m  SELECT "products".* FROM "products"
  Rendered products/index.html.erb within layouts/application (115.6ms)
Completed 200 OK in 870ms (Views: 848.8ms | ActiveRecord: 7.2ms)


Started GET "/assets/products.self-0e18b64eac12861b5036e2c8bb652e81e9f577619eee52776b9ee6824a5306b1.css?body=1" for 127.0.0.1 at 2015-06-02 13:05:45 +0900


Started GET "/images/%EC%95%84%EC%A7%81.." for 127.0.0.1 at 2015-06-02 13:05:45 +0900

ActionController::RoutingError (No route matches [GET] "/images/%EC%95%84%EC%A7%81.."):
  actionpack (4.2.1) lib/action_dispatch/middleware/debug_exceptions.rb:21:in `call'
  web-console (2.1.2) lib/web_console/middleware.rb:37:in `call'
  actionpack (4.2.1) lib/action_dispatch/middleware/show_exceptions.rb:30:in `call'
  railties (4.2.1) lib/rails/rack/logger.rb:38:in `call_app'
  railties (4.2.1) lib/rails/rack/logger.rb:20:in `block in call'
  activesupport (4.2.1) lib/active_support/tagged_logging.rb:68:in `block in tagged'
  activesupport (4.2.1) lib/active_support/tagged_logging.rb:26:in `tagged'
  activesupport (4.2.1) lib/active_support/tagged_logging.rb:68:in `tagged'
  railties (4.2.1) lib/rails/rack/logger.rb:20:in `call'
  actionpack (4.2.1) lib/action_dispatch/middleware/request_id.rb:21:in `call'
  rack (1.6.1) lib/rack/methodoverride.rb:22:in `call'
  rack (1.6.1) lib/rack/runtime.rb:18:in `call'
  activesupport (4.2.1) lib/active_support/cache/strategy/local_cache_middleware.rb:28:in `call'
  rack (1.6.1) lib/rack/lock.rb:17:in `call'
  actionpack (4.2.1) lib/action_dispatch/middleware/static.rb:113:in `call'
  rack (1.6.1) lib/rack/sendfile.rb:113:in `call'
  railties (4.2.1) lib/rails/engine.rb:518:in `call'
  railties (4.2.1) lib/rails/application.rb:164:in `call'
  rack (1.6.1) lib/rack/lock.rb:17:in `call'
  rack (1.6.1) lib/rack/content_length.rb:15:in `call'
  rack (1.6.1) lib/rack/handler/webrick.rb:89:in `service'
  /home/lth/.rvm/rubies/ruby-2.0.0-p643/lib/ruby/2.0.0/webrick/httpserver.rb:138:in `service'
  /home/lth/.rvm/rubies/ruby-2.0.0-p643/lib/ruby/2.0.0/webrick/httpserver.rb:94:in `run'
  /home/lth/.rvm/rubies/ruby-2.0.0-p643/lib/ruby/2.0.0/webrick/server.rb:295:in `block in start_thread'


  Rendered /home/lth/.rvm/gems/ruby-2.0.0-p643/gems/actionpack-4.2.1/lib/action_dispatch/middleware/templates/rescues/_trace.html.erb (17.1ms)
  Rendered /home/lth/.rvm/gems/ruby-2.0.0-p643/gems/actionpack-4.2.1/lib/action_dispatch/middleware/templates/routes/_route.html.erb (13.2ms)
  Rendered /home/lth/.rvm/gems/ruby-2.0.0-p643/gems/actionpack-4.2.1/lib/action_dispatch/middleware/templates/routes/_table.html.erb (41.0ms)
  Rendered /home/lth/.rvm/gems/ruby-2.0.0-p643/gems/actionpack-4.2.1/lib/action_dispatch/middleware/templates/rescues/_request_and_response.html.erb (25.5ms)
  Rendered /home/lth/.rvm/gems/ruby-2.0.0-p643/gems/actionpack-4.2.1/lib/action_dispatch/middleware/templates/rescues/routing_error.html.erb within rescues/layout (302.0ms)
  Rendered /home/lth/.rvm/gems/ruby-2.0.0-p643/gems/web-console-2.1.2/lib/web_console/templates/_markup.html.erb (12.9ms)
  Rendered /home/lth/.rvm/gems/ruby-2.0.0-p643/gems/web-console-2.1.2/lib/web_console/templates/style.css.erb within layouts/inlined_string (1.8ms)
  Rendered /home/lth/.rvm/gems/ruby-2.0.0-p643/gems/web-console-2.1.2/lib/web_console/templates/_inner_console_markup.html.erb within layouts/inlined_string (2.0ms)
  Rendered /home/lth/.rvm/gems/ruby-2.0.0-p643/gems/web-console-2.1.2/lib/web_console/templates/_prompt_box_markup.html.erb within layouts/inlined_string (2.7ms)
  Rendered /home/lth/.rvm/gems/ruby-2.0.0-p643/gems/web-console-2.1.2/lib/web_console/templates/console.js.erb within layouts/javascript (234.8ms)
  Rendered /home/lth/.rvm/gems/ruby-2.0.0-p643/gems/web-console-2.1.2/lib/web_console/templates/main.js.erb within layouts/javascript (1.7ms)
  Rendered /home/lth/.rvm/gems/ruby-2.0.0-p643/gems/web-console-2.1.2/lib/web_console/templates/error_page.js.erb within layouts/javascript (10.8ms)
  Rendered /home/lth/.rvm/gems/ruby-2.0.0-p643/gems/web-console-2.1.2/lib/web_console/templates/index.html.erb (465.7ms)


Started GET "/products/1/edit" for 127.0.0.1 at 2015-06-02 13:06:27 +0900
Processing by ProductsController#edit as HTML
  Parameters: {"id"=>"1"}
  [1m[36mProduct Load (0.7ms)[0m  [1mSELECT  "products".* FROM "products" WHERE "products"."id" = ? LIMIT 1[0m  [["id", 1]]
  Rendered products/_form.html.erb (57.0ms)
  Rendered products/edit.html.erb within layouts/application (67.7ms)
Completed 200 OK in 333ms (Views: 308.8ms | ActiveRecord: 0.7ms)


Started PATCH "/products/1" for 127.0.0.1 at 2015-06-02 13:06:43 +0900
Processing by ProductsController#update as HTML
  Parameters: {"utf8"=>"✓", "authenticity_token"=>"zo7fjktyN/AURaMFPKxaYEbDtJPPEq3FuRx5iveA/a5DN0UikF6gquxT/3DJAVYToRR6cb/RmZZU7RGorShdCw==", "product"=>{"title"=>"순하리", "description"=>"개존맛", "image_url"=>"http://postfiles11.naver.net/20150518_154/knnk6807_1431956450075XeA6A_JPEG/b4.jpg?type=w3", "price"=>"3000.0"}, "commit"=>"Update Product", "id"=>"1"}
  [1m[35mProduct Load (8.0ms)[0m  SELECT  "products".* FROM "products" WHERE "products"."id" = ? LIMIT 1  [["id", 1]]
  [1m[36m (9.8ms)[0m  [1mbegin transaction[0m
  [1m[35mSQL (15.3ms)[0m  UPDATE "products" SET "image_url" = ?, "updated_at" = ? WHERE "products"."id" = ?  [["image_url", "http://postfiles11.naver.net/20150518_154/knnk6807_1431956450075XeA6A_JPEG/b4.jpg?type=w3"], ["updated_at", "2015-06-02 04:06:43.133411"], ["id", 1]]
  [1m[36m (9.1ms)[0m  [1mcommit transaction[0m
Redirected to http://localhost:3000/products/1
Completed 302 Found in 107ms (ActiveRecord: 42.1ms)


Started GET "/products/1" for 127.0.0.1 at 2015-06-02 13:06:43 +0900
Processing by ProductsController#show as HTML
  Parameters: {"id"=>"1"}
  [1m[35mProduct Load (12.7ms)[0m  SELECT  "products".* FROM "products" WHERE "products"."id" = ? LIMIT 1  [["id", 1]]
  Rendered products/show.html.erb within layouts/application (17.2ms)
Completed 200 OK in 448ms (Views: 429.8ms | ActiveRecord: 12.7ms)


Started GET "/products" for 127.0.0.1 at 2015-06-02 13:06:46 +0900
Processing by ProductsController#index as HTML
  [1m[36mProduct Load (1.0ms)[0m  [1mSELECT "products".* FROM "products"[0m
  Rendered products/index.html.erb within layouts/application (37.6ms)
Completed 200 OK in 521ms (Views: 516.3ms | ActiveRecord: 1.0ms)


Started GET "/products" for 127.0.0.1 at 2015-06-02 13:08:05 +0900
Processing by ProductsController#index as HTML
  [1m[35mProduct Load (2.6ms)[0m  SELECT "products".* FROM "products"
  Rendered products/index.html.erb within layouts/application (57.9ms)
Completed 500 Internal Server Error in 77ms (ActiveRecord: 2.6ms)

ActionView::Template::Error (undefined method `price원' for #<Product:0x007f5ff2102f80>):
    14:         <dd><%= truncate(strip_tags(product.description), length: 80) %></dd>
    15:       </dl>
    16:     </td>
    17:     <td><%= product.price원 %></td>
    18:     <td class="list_actions">
    19:       <%= link_to 'Show', product %><br/>
    20:       <%= link_to 'Edit', edit_product_path(product) %><br/>
  app/views/products/index.html.erb:17:in `block in _app_views_products_index_html_erb___3057615493169544701_70025029823060'
  app/views/products/index.html.erb:6:in `_app_views_products_index_html_erb___3057615493169544701_70025029823060'


  Rendered /home/lth/.rvm/gems/ruby-2.0.0-p643/gems/actionpack-4.2.1/lib/action_dispatch/middleware/templates/rescues/_source.erb (67.7ms)
  Rendered /home/lth/.rvm/gems/ruby-2.0.0-p643/gems/actionpack-4.2.1/lib/action_dispatch/middleware/templates/rescues/_trace.html.erb (30.9ms)
  Rendered /home/lth/.rvm/gems/ruby-2.0.0-p643/gems/actionpack-4.2.1/lib/action_dispatch/middleware/templates/rescues/_request_and_response.html.erb (5.9ms)
  Rendered /home/lth/.rvm/gems/ruby-2.0.0-p643/gems/actionpack-4.2.1/lib/action_dispatch/middleware/templates/rescues/template_error.html.erb within rescues/layout (207.1ms)
  Rendered /home/lth/.rvm/gems/ruby-2.0.0-p643/gems/web-console-2.1.2/lib/web_console/templates/_markup.html.erb (1.6ms)
  Rendered /home/lth/.rvm/gems/ruby-2.0.0-p643/gems/web-console-2.1.2/lib/web_console/templates/style.css.erb within layouts/inlined_string (1.8ms)
  Rendered /home/lth/.rvm/gems/ruby-2.0.0-p643/gems/web-console-2.1.2/lib/web_console/templates/_inner_console_markup.html.erb within layouts/inlined_string (12.6ms)
  Rendered /home/lth/.rvm/gems/ruby-2.0.0-p643/gems/web-console-2.1.2/lib/web_console/templates/_prompt_box_markup.html.erb within layouts/inlined_string (25.8ms)
  Rendered /home/lth/.rvm/gems/ruby-2.0.0-p643/gems/web-console-2.1.2/lib/web_console/templates/console.js.erb within layouts/javascript (599.2ms)
  Rendered /home/lth/.rvm/gems/ruby-2.0.0-p643/gems/web-console-2.1.2/lib/web_console/templates/main.js.erb within layouts/javascript (1.3ms)
  Rendered /home/lth/.rvm/gems/ruby-2.0.0-p643/gems/web-console-2.1.2/lib/web_console/templates/error_page.js.erb within layouts/javascript (7.5ms)
  Rendered /home/lth/.rvm/gems/ruby-2.0.0-p643/gems/web-console-2.1.2/lib/web_console/templates/index.html.erb (775.1ms)


Started GET "/products" for 127.0.0.1 at 2015-06-02 13:09:38 +0900
Processing by ProductsController#index as HTML
  [1m[36mProduct Load (1.5ms)[0m  [1mSELECT "products".* FROM "products"[0m
  Rendered products/index.html.erb within layouts/application (46.9ms)
Completed 200 OK in 453ms (Views: 438.1ms | ActiveRecord: 1.5ms)


Started GET "/products" for 127.0.0.1 at 2015-06-02 13:10:01 +0900
Processing by ProductsController#index as HTML
  [1m[35mProduct Load (9.7ms)[0m  SELECT "products".* FROM "products"
  Rendered products/index.html.erb within layouts/application (56.2ms)
Completed 200 OK in 445ms (Views: 426.8ms | ActiveRecord: 9.7ms)


Started GET "/products" for 127.0.0.1 at 2015-06-02 13:10:18 +0900
Processing by ProductsController#index as HTML
  [1m[36mProduct Load (2.3ms)[0m  [1mSELECT "products".* FROM "products"[0m
  Rendered products/index.html.erb within layouts/application (39.0ms)
Completed 200 OK in 376ms (Views: 369.3ms | ActiveRecord: 2.3ms)


Started GET "/products" for 127.0.0.1 at 2015-06-02 13:10:34 +0900
Processing by ProductsController#index as HTML
  [1m[35mProduct Load (1.0ms)[0m  SELECT "products".* FROM "products"
  Rendered products/index.html.erb within layouts/application (42.8ms)
Completed 200 OK in 576ms (Views: 556.2ms | ActiveRecord: 1.0ms)


Started GET "/products/1/edit" for 127.0.0.1 at 2015-06-02 13:10:40 +0900
Processing by ProductsController#edit as HTML
  Parameters: {"id"=>"1"}
  [1m[36mProduct Load (4.7ms)[0m  [1mSELECT  "products".* FROM "products" WHERE "products"."id" = ? LIMIT 1[0m  [["id", 1]]
  Rendered products/_form.html.erb (48.4ms)
  Rendered products/edit.html.erb within layouts/application (60.9ms)
Completed 200 OK in 274ms (Views: 257.8ms | ActiveRecord: 4.7ms)


Started PATCH "/products/1" for 127.0.0.1 at 2015-06-02 13:10:46 +0900
Processing by ProductsController#update as HTML
  Parameters: {"utf8"=>"✓", "authenticity_token"=>"pXaNxn5eSJWyxCw+hcYEeB/ObikR8YC1fCKDM/BmcvUozxdqpXLfz0rScEtwawgL+Bmgy2EytOaR0+sRqs7SUA==", "product"=>{"title"=>"순하리", "description"=>"개존맛", "image_url"=>"http://postfiles11.naver.net/20150518_154/knnk6807_1431956450075XeA6A_JPEG/b4.jpg?type=w3", "price"=>"3000"}, "commit"=>"Update Product", "id"=>"1"}
  [1m[35mProduct Load (17.1ms)[0m  SELECT  "products".* FROM "products" WHERE "products"."id" = ? LIMIT 1  [["id", 1]]
  [1m[36m (0.4ms)[0m  [1mbegin transaction[0m
  [1m[35m (10.4ms)[0m  commit transaction
Redirected to http://localhost:3000/products/1
Completed 302 Found in 99ms (ActiveRecord: 27.9ms)


Started GET "/products/1" for 127.0.0.1 at 2015-06-02 13:10:46 +0900
Processing by ProductsController#show as HTML
  Parameters: {"id"=>"1"}
  [1m[36mProduct Load (2.6ms)[0m  [1mSELECT  "products".* FROM "products" WHERE "products"."id" = ? LIMIT 1[0m  [["id", 1]]
  Rendered products/show.html.erb within layouts/application (2.6ms)
Completed 200 OK in 1023ms (Views: 1012.1ms | ActiveRecord: 2.6ms)


Started GET "/products" for 127.0.0.1 at 2015-06-02 13:11:38 +0900
Processing by ProductsController#index as HTML
  [1m[35mProduct Load (1.0ms)[0m  SELECT "products".* FROM "products"
  Rendered products/index.html.erb within layouts/application (47.4ms)
Completed 200 OK in 424ms (Views: 412.1ms | ActiveRecord: 1.0ms)


Started GET "/" for 127.0.0.1 at 2015-06-02 13:36:09 +0900
Processing by StoreController#index as HTML
  Rendered store/index.html.erb within layouts/application (11.4ms)
Completed 200 OK in 2354ms (Views: 2346.0ms | ActiveRecord: 0.0ms)


Started GET "/assets/store.self-877aef30ae1b040ab8a3aba4e3e309a11d7f2612f44dde450b5c157aa5f95c05.js?body=1" for 127.0.0.1 at 2015-06-02 13:36:13 +0900


Started GET "/assets/store.self-e3b0c44298fc1c149afbf4c8996fb92427ae41e4649b934ca495991b7852b855.css?body=1" for 127.0.0.1 at 2015-06-02 13:36:13 +0900


Started GET "/" for 127.0.0.1 at 2015-06-02 13:41:17 +0900
Processing by StoreController#index as HTML
Completed 500 Internal Server Error in 55ms (ActiveRecord: 0.0ms)

ArgumentError (The provided regular expression is using multiline anchors (^ or $), which may present a security risk. Did you mean to use \A and \z, or forgot to add the :multiline => true option?):
  app/models/product.rb:5:in `<class:Product>'
  app/models/product.rb:1:in `<top (required)>'
  app/controllers/store_controller.rb:3:in `index'


  Rendered /home/lth/.rvm/gems/ruby-2.0.0-p643/gems/actionpack-4.2.1/lib/action_dispatch/middleware/templates/rescues/_source.erb (140.9ms)
  Rendered /home/lth/.rvm/gems/ruby-2.0.0-p643/gems/actionpack-4.2.1/lib/action_dispatch/middleware/templates/rescues/_trace.html.erb (842.2ms)
  Rendered /home/lth/.rvm/gems/ruby-2.0.0-p643/gems/actionpack-4.2.1/lib/action_dispatch/middleware/templates/rescues/_request_and_response.html.erb (10.6ms)
  Rendered /home/lth/.rvm/gems/ruby-2.0.0-p643/gems/actionpack-4.2.1/lib/action_dispatch/middleware/templates/rescues/diagnostics.html.erb within rescues/layout (1268.7ms)
  Rendered /home/lth/.rvm/gems/ruby-2.0.0-p643/gems/web-console-2.1.2/lib/web_console/templates/_markup.html.erb (17.2ms)
  Rendered /home/lth/.rvm/gems/ruby-2.0.0-p643/gems/web-console-2.1.2/lib/web_console/templates/style.css.erb within layouts/inlined_string (9.4ms)
  Rendered /home/lth/.rvm/gems/ruby-2.0.0-p643/gems/web-console-2.1.2/lib/web_console/templates/_inner_console_markup.html.erb within layouts/inlined_string (6.5ms)
  Rendered /home/lth/.rvm/gems/ruby-2.0.0-p643/gems/web-console-2.1.2/lib/web_console/templates/_prompt_box_markup.html.erb within layouts/inlined_string (12.7ms)
  Rendered /home/lth/.rvm/gems/ruby-2.0.0-p643/gems/web-console-2.1.2/lib/web_console/templates/console.js.erb within layouts/javascript (271.4ms)
  Rendered /home/lth/.rvm/gems/ruby-2.0.0-p643/gems/web-console-2.1.2/lib/web_console/templates/main.js.erb within layouts/javascript (1.7ms)
  Rendered /home/lth/.rvm/gems/ruby-2.0.0-p643/gems/web-console-2.1.2/lib/web_console/templates/error_page.js.erb within layouts/javascript (23.0ms)
  Rendered /home/lth/.rvm/gems/ruby-2.0.0-p643/gems/web-console-2.1.2/lib/web_console/templates/index.html.erb (653.8ms)


Started GET "/products" for 127.0.0.1 at 2015-06-02 13:42:15 +0900
Processing by ProductsController#index as HTML
Completed 500 Internal Server Error in 65ms (ActiveRecord: 0.0ms)

ArgumentError (The provided regular expression is using multiline anchors (^ or $), which may present a security risk. Did you mean to use \A and \z, or forgot to add the :multiline => true option?):
  app/models/product.rb:5:in `<class:Product>'
  app/models/product.rb:1:in `<top (required)>'
  app/controllers/products_controller.rb:7:in `index'


  Rendered /home/lth/.rvm/gems/ruby-2.0.0-p643/gems/actionpack-4.2.1/lib/action_dispatch/middleware/templates/rescues/_source.erb (86.8ms)
  Rendered /home/lth/.rvm/gems/ruby-2.0.0-p643/gems/actionpack-4.2.1/lib/action_dispatch/middleware/templates/rescues/_trace.html.erb (27.3ms)
  Rendered /home/lth/.rvm/gems/ruby-2.0.0-p643/gems/actionpack-4.2.1/lib/action_dispatch/middleware/templates/rescues/_request_and_response.html.erb (10.7ms)
  Rendered /home/lth/.rvm/gems/ruby-2.0.0-p643/gems/actionpack-4.2.1/lib/action_dispatch/middleware/templates/rescues/diagnostics.html.erb within rescues/layout (890.3ms)
  Rendered /home/lth/.rvm/gems/ruby-2.0.0-p643/gems/web-console-2.1.2/lib/web_console/templates/_markup.html.erb (14.6ms)
  Rendered /home/lth/.rvm/gems/ruby-2.0.0-p643/gems/web-console-2.1.2/lib/web_console/templates/style.css.erb within layouts/inlined_string (6.0ms)
  Rendered /home/lth/.rvm/gems/ruby-2.0.0-p643/gems/web-console-2.1.2/lib/web_console/templates/_inner_console_markup.html.erb within layouts/inlined_string (3.2ms)
  Rendered /home/lth/.rvm/gems/ruby-2.0.0-p643/gems/web-console-2.1.2/lib/web_console/templates/_prompt_box_markup.html.erb within layouts/inlined_string (1.3ms)
  Rendered /home/lth/.rvm/gems/ruby-2.0.0-p643/gems/web-console-2.1.2/lib/web_console/templates/console.js.erb within layouts/javascript (190.4ms)
  Rendered /home/lth/.rvm/gems/ruby-2.0.0-p643/gems/web-console-2.1.2/lib/web_console/templates/main.js.erb within layouts/javascript (9.7ms)
  Rendered /home/lth/.rvm/gems/ruby-2.0.0-p643/gems/web-console-2.1.2/lib/web_console/templates/error_page.js.erb within layouts/javascript (8.0ms)
  Rendered /home/lth/.rvm/gems/ruby-2.0.0-p643/gems/web-console-2.1.2/lib/web_console/templates/index.html.erb (483.7ms)


Started GET "/products" for 127.0.0.1 at 2015-06-02 13:44:15 +0900
Processing by ProductsController#index as HTML
Completed 500 Internal Server Error in 65ms (ActiveRecord: 0.0ms)

SyntaxError (/home/lth/bshop/app/models/product.rb:9: syntax error, unexpected keyword_end, expecting '}'):
  app/models/product.rb:9: syntax error, unexpected keyword_end, expecting '}'
  app/controllers/products_controller.rb:7:in `index'


  Rendered /home/lth/.rvm/gems/ruby-2.0.0-p643/gems/actionpack-4.2.1/lib/action_dispatch/middleware/templates/rescues/_source.erb (68.7ms)
  Rendered /home/lth/.rvm/gems/ruby-2.0.0-p643/gems/actionpack-4.2.1/lib/action_dispatch/middleware/templates/rescues/_trace.html.erb (31.6ms)
  Rendered /home/lth/.rvm/gems/ruby-2.0.0-p643/gems/actionpack-4.2.1/lib/action_dispatch/middleware/templates/rescues/_request_and_response.html.erb (13.9ms)
  Rendered /home/lth/.rvm/gems/ruby-2.0.0-p643/gems/actionpack-4.2.1/lib/action_dispatch/middleware/templates/rescues/diagnostics.html.erb within rescues/layout (262.2ms)
  Rendered /home/lth/.rvm/gems/ruby-2.0.0-p643/gems/web-console-2.1.2/lib/web_console/templates/_markup.html.erb (1.8ms)
  Rendered /home/lth/.rvm/gems/ruby-2.0.0-p643/gems/web-console-2.1.2/lib/web_console/templates/style.css.erb within layouts/inlined_string (13.1ms)
  Rendered /home/lth/.rvm/gems/ruby-2.0.0-p643/gems/web-console-2.1.2/lib/web_console/templates/_inner_console_markup.html.erb within layouts/inlined_string (8.1ms)
  Rendered /home/lth/.rvm/gems/ruby-2.0.0-p643/gems/web-console-2.1.2/lib/web_console/templates/_prompt_box_markup.html.erb within layouts/inlined_string (1.9ms)
  Rendered /home/lth/.rvm/gems/ruby-2.0.0-p643/gems/web-console-2.1.2/lib/web_console/templates/console.js.erb within layouts/javascript (180.7ms)
  Rendered /home/lth/.rvm/gems/ruby-2.0.0-p643/gems/web-console-2.1.2/lib/web_console/templates/main.js.erb within layouts/javascript (1.9ms)
  Rendered /home/lth/.rvm/gems/ruby-2.0.0-p643/gems/web-console-2.1.2/lib/web_console/templates/error_page.js.erb within layouts/javascript (1.9ms)
  Rendered /home/lth/.rvm/gems/ruby-2.0.0-p643/gems/web-console-2.1.2/lib/web_console/templates/index.html.erb (420.1ms)


Started GET "/products" for 127.0.0.1 at 2015-06-02 13:44:37 +0900
Processing by ProductsController#index as HTML
  [1m[36mProduct Load (2.9ms)[0m  [1mSELECT "products".* FROM "products"[0m
  Rendered products/index.html.erb within layouts/application (195.2ms)
Completed 200 OK in 707ms (Views: 668.1ms | ActiveRecord: 4.9ms)


Started GET "/" for 127.0.0.1 at 2015-06-02 13:44:44 +0900
Processing by StoreController#index as HTML
  [1m[35mProduct Load (6.2ms)[0m  SELECT "products".* FROM "products"  ORDER BY "products"."title" ASC
  Rendered store/index.html.erb within layouts/application (27.8ms)
Completed 200 OK in 1432ms (Views: 1422.0ms | ActiveRecord: 6.2ms)


Started GET "/products" for 127.0.0.1 at 2015-06-02 13:45:00 +0900
Processing by ProductsController#index as HTML
  [1m[36mProduct Load (0.7ms)[0m  [1mSELECT "products".* FROM "products"[0m
  Rendered products/index.html.erb within layouts/application (25.0ms)
Completed 200 OK in 488ms (Views: 478.7ms | ActiveRecord: 0.7ms)


Started GET "/products/1/edit" for 127.0.0.1 at 2015-06-02 13:46:33 +0900
Processing by ProductsController#edit as HTML
  Parameters: {"id"=>"1"}
  [1m[35mProduct Load (1.8ms)[0m  SELECT  "products".* FROM "products" WHERE "products"."id" = ? LIMIT 1  [["id", 1]]
  Rendered products/_form.html.erb (36.9ms)
  Rendered products/edit.html.erb within layouts/application (51.3ms)
Completed 200 OK in 322ms (Views: 286.4ms | ActiveRecord: 1.8ms)


Started PATCH "/products/1" for 127.0.0.1 at 2015-06-02 13:46:43 +0900
Processing by ProductsController#update as HTML
  Parameters: {"utf8"=>"✓", "authenticity_token"=>"sVNLfAhrpyfYH+o19efYncLgZFNiGau9JkV6iw7Tn0k86tHQ00cwfSAJtkAAStTuJTeqsRLan+7LtBKpVHs/7A==", "product"=>{"title"=>"순하리", "description"=>"개존맛", "image_url"=>"/suhari.jpg", "price"=>"3000.0"}, "commit"=>"Update Product", "id"=>"1"}
  [1m[36mProduct Load (0.5ms)[0m  [1mSELECT  "products".* FROM "products" WHERE "products"."id" = ? LIMIT 1[0m  [["id", 1]]
  [1m[35m (0.5ms)[0m  begin transaction
  [1m[36mProduct Exists (0.8ms)[0m  [1mSELECT  1 AS one FROM "products" WHERE ("products"."title" = '순하리' AND "products"."id" != 1) LIMIT 1[0m
  [1m[35mSQL (1.2ms)[0m  UPDATE "products" SET "image_url" = ?, "updated_at" = ? WHERE "products"."id" = ?  [["image_url", "/suhari.jpg"], ["updated_at", "2015-06-02 04:46:44.185680"], ["id", 1]]
  [1m[36m (7.3ms)[0m  [1mcommit transaction[0m
Redirected to http://localhost:3000/products/1
Completed 302 Found in 193ms (ActiveRecord: 10.3ms)


Started GET "/products/1" for 127.0.0.1 at 2015-06-02 13:46:44 +0900
Processing by ProductsController#show as HTML
  Parameters: {"id"=>"1"}
  [1m[35mProduct Load (11.2ms)[0m  SELECT  "products".* FROM "products" WHERE "products"."id" = ? LIMIT 1  [["id", 1]]
  Rendered products/show.html.erb within layouts/application (2.2ms)
Completed 200 OK in 453ms (Views: 432.1ms | ActiveRecord: 11.2ms)


Started GET "/products" for 127.0.0.1 at 2015-06-02 13:46:47 +0900
Processing by ProductsController#index as HTML
  [1m[36mProduct Load (2.7ms)[0m  [1mSELECT "products".* FROM "products"[0m
  Rendered products/index.html.erb within layouts/application (32.0ms)
Completed 200 OK in 844ms (Views: 838.3ms | ActiveRecord: 2.7ms)


Started GET "/suhari.jpg" for 127.0.0.1 at 2015-06-02 13:46:48 +0900

ActionController::RoutingError (No route matches [GET] "/suhari.jpg"):
  actionpack (4.2.1) lib/action_dispatch/middleware/debug_exceptions.rb:21:in `call'
  web-console (2.1.2) lib/web_console/middleware.rb:37:in `call'
  actionpack (4.2.1) lib/action_dispatch/middleware/show_exceptions.rb:30:in `call'
  railties (4.2.1) lib/rails/rack/logger.rb:38:in `call_app'
  railties (4.2.1) lib/rails/rack/logger.rb:20:in `block in call'
  activesupport (4.2.1) lib/active_support/tagged_logging.rb:68:in `block in tagged'
  activesupport (4.2.1) lib/active_support/tagged_logging.rb:26:in `tagged'
  activesupport (4.2.1) lib/active_support/tagged_logging.rb:68:in `tagged'
  railties (4.2.1) lib/rails/rack/logger.rb:20:in `call'
  actionpack (4.2.1) lib/action_dispatch/middleware/request_id.rb:21:in `call'
  rack (1.6.1) lib/rack/methodoverride.rb:22:in `call'
  rack (1.6.1) lib/rack/runtime.rb:18:in `call'
  activesupport (4.2.1) lib/active_support/cache/strategy/local_cache_middleware.rb:28:in `call'
  rack (1.6.1) lib/rack/lock.rb:17:in `call'
  actionpack (4.2.1) lib/action_dispatch/middleware/static.rb:113:in `call'
  rack (1.6.1) lib/rack/sendfile.rb:113:in `call'
  railties (4.2.1) lib/rails/engine.rb:518:in `call'
  railties (4.2.1) lib/rails/application.rb:164:in `call'
  rack (1.6.1) lib/rack/lock.rb:17:in `call'
  rack (1.6.1) lib/rack/content_length.rb:15:in `call'
  rack (1.6.1) lib/rack/handler/webrick.rb:89:in `service'
  /home/lth/.rvm/rubies/ruby-2.0.0-p643/lib/ruby/2.0.0/webrick/httpserver.rb:138:in `service'
  /home/lth/.rvm/rubies/ruby-2.0.0-p643/lib/ruby/2.0.0/webrick/httpserver.rb:94:in `run'
  /home/lth/.rvm/rubies/ruby-2.0.0-p643/lib/ruby/2.0.0/webrick/server.rb:295:in `block in start_thread'


  Rendered /home/lth/.rvm/gems/ruby-2.0.0-p643/gems/actionpack-4.2.1/lib/action_dispatch/middleware/templates/rescues/_trace.html.erb (7.2ms)
  Rendered /home/lth/.rvm/gems/ruby-2.0.0-p643/gems/actionpack-4.2.1/lib/action_dispatch/middleware/templates/routes/_route.html.erb (13.9ms)
  Rendered /home/lth/.rvm/gems/ruby-2.0.0-p643/gems/actionpack-4.2.1/lib/action_dispatch/middleware/templates/routes/_table.html.erb (20.3ms)
  Rendered /home/lth/.rvm/gems/ruby-2.0.0-p643/gems/actionpack-4.2.1/lib/action_dispatch/middleware/templates/rescues/_request_and_response.html.erb (19.7ms)
  Rendered /home/lth/.rvm/gems/ruby-2.0.0-p643/gems/actionpack-4.2.1/lib/action_dispatch/middleware/templates/rescues/routing_error.html.erb within rescues/layout (274.2ms)
  Rendered /home/lth/.rvm/gems/ruby-2.0.0-p643/gems/web-console-2.1.2/lib/web_console/templates/_markup.html.erb (13.9ms)
  Rendered /home/lth/.rvm/gems/ruby-2.0.0-p643/gems/web-console-2.1.2/lib/web_console/templates/style.css.erb within layouts/inlined_string (7.9ms)
  Rendered /home/lth/.rvm/gems/ruby-2.0.0-p643/gems/web-console-2.1.2/lib/web_console/templates/_inner_console_markup.html.erb within layouts/inlined_string (1.5ms)
  Rendered /home/lth/.rvm/gems/ruby-2.0.0-p643/gems/web-console-2.1.2/lib/web_console/templates/_prompt_box_markup.html.erb within layouts/inlined_string (1.9ms)
  Rendered /home/lth/.rvm/gems/ruby-2.0.0-p643/gems/web-console-2.1.2/lib/web_console/templates/console.js.erb within layouts/javascript (241.9ms)
  Rendered /home/lth/.rvm/gems/ruby-2.0.0-p643/gems/web-console-2.1.2/lib/web_console/templates/main.js.erb within layouts/javascript (6.2ms)
  Rendered /home/lth/.rvm/gems/ruby-2.0.0-p643/gems/web-console-2.1.2/lib/web_console/templates/error_page.js.erb within layouts/javascript (2.4ms)
  Rendered /home/lth/.rvm/gems/ruby-2.0.0-p643/gems/web-console-2.1.2/lib/web_console/templates/index.html.erb (481.8ms)


Started GET "/products/1/edit" for 127.0.0.1 at 2015-06-02 13:47:09 +0900
Processing by ProductsController#edit as HTML
  Parameters: {"id"=>"1"}
  [1m[35mProduct Load (3.0ms)[0m  SELECT  "products".* FROM "products" WHERE "products"."id" = ? LIMIT 1  [["id", 1]]
  Rendered products/_form.html.erb (49.3ms)
  Rendered products/edit.html.erb within layouts/application (56.1ms)
Completed 200 OK in 412ms (Views: 399.2ms | ActiveRecord: 3.0ms)


Started PATCH "/products/1" for 127.0.0.1 at 2015-06-02 13:47:14 +0900
Processing by ProductsController#update as HTML
  Parameters: {"utf8"=>"✓", "authenticity_token"=>"sCN7Ybl8cSsY/HQs8CY6TGvVP0gnYlUs3crgIIUXAnA9muHNYlDmceDqKFkFizY/jALxqlehYX8wO4gC37+i1Q==", "product"=>{"title"=>"순하리", "description"=>"개존맛", "image_url"=>"/sunhari.jpg", "price"=>"3000.0"}, "commit"=>"Update Product", "id"=>"1"}
  [1m[36mProduct Load (7.2ms)[0m  [1mSELECT  "products".* FROM "products" WHERE "products"."id" = ? LIMIT 1[0m  [["id", 1]]
  [1m[35m (0.2ms)[0m  begin transaction
  [1m[36mProduct Exists (9.7ms)[0m  [1mSELECT  1 AS one FROM "products" WHERE ("products"."title" = '순하리' AND "products"."id" != 1) LIMIT 1[0m
  [1m[35mSQL (0.7ms)[0m  UPDATE "products" SET "image_url" = ?, "updated_at" = ? WHERE "products"."id" = ?  [["image_url", "/sunhari.jpg"], ["updated_at", "2015-06-02 04:47:15.012787"], ["id", 1]]
  [1m[36m (8.8ms)[0m  [1mcommit transaction[0m
Redirected to http://localhost:3000/products/1
Completed 302 Found in 103ms (ActiveRecord: 26.8ms)


Started GET "/products/1" for 127.0.0.1 at 2015-06-02 13:47:15 +0900
Processing by ProductsController#show as HTML
  Parameters: {"id"=>"1"}
  [1m[35mProduct Load (0.3ms)[0m  SELECT  "products".* FROM "products" WHERE "products"."id" = ? LIMIT 1  [["id", 1]]
  Rendered products/show.html.erb within layouts/application (10.2ms)
Completed 200 OK in 464ms (Views: 454.5ms | ActiveRecord: 0.3ms)


Started GET "/products" for 127.0.0.1 at 2015-06-02 13:47:18 +0900
Processing by ProductsController#index as HTML
  [1m[36mProduct Load (0.6ms)[0m  [1mSELECT "products".* FROM "products"[0m
  Rendered products/index.html.erb within layouts/application (45.5ms)
Completed 200 OK in 662ms (Views: 653.9ms | ActiveRecord: 0.6ms)


Started GET "/sunhari.jpg" for 127.0.0.1 at 2015-06-02 13:47:19 +0900

ActionController::RoutingError (No route matches [GET] "/sunhari.jpg"):
  actionpack (4.2.1) lib/action_dispatch/middleware/debug_exceptions.rb:21:in `call'
  web-console (2.1.2) lib/web_console/middleware.rb:37:in `call'
  actionpack (4.2.1) lib/action_dispatch/middleware/show_exceptions.rb:30:in `call'
  railties (4.2.1) lib/rails/rack/logger.rb:38:in `call_app'
  railties (4.2.1) lib/rails/rack/logger.rb:20:in `block in call'
  activesupport (4.2.1) lib/active_support/tagged_logging.rb:68:in `block in tagged'
  activesupport (4.2.1) lib/active_support/tagged_logging.rb:26:in `tagged'
  activesupport (4.2.1) lib/active_support/tagged_logging.rb:68:in `tagged'
  railties (4.2.1) lib/rails/rack/logger.rb:20:in `call'
  actionpack (4.2.1) lib/action_dispatch/middleware/request_id.rb:21:in `call'
  rack (1.6.1) lib/rack/methodoverride.rb:22:in `call'
  rack (1.6.1) lib/rack/runtime.rb:18:in `call'
  activesupport (4.2.1) lib/active_support/cache/strategy/local_cache_middleware.rb:28:in `call'
  rack (1.6.1) lib/rack/lock.rb:17:in `call'
  actionpack (4.2.1) lib/action_dispatch/middleware/static.rb:113:in `call'
  rack (1.6.1) lib/rack/sendfile.rb:113:in `call'
  railties (4.2.1) lib/rails/engine.rb:518:in `call'
  railties (4.2.1) lib/rails/application.rb:164:in `call'
  rack (1.6.1) lib/rack/lock.rb:17:in `call'
  rack (1.6.1) lib/rack/content_length.rb:15:in `call'
  rack (1.6.1) lib/rack/handler/webrick.rb:89:in `service'
  /home/lth/.rvm/rubies/ruby-2.0.0-p643/lib/ruby/2.0.0/webrick/httpserver.rb:138:in `service'
  /home/lth/.rvm/rubies/ruby-2.0.0-p643/lib/ruby/2.0.0/webrick/httpserver.rb:94:in `run'
  /home/lth/.rvm/rubies/ruby-2.0.0-p643/lib/ruby/2.0.0/webrick/server.rb:295:in `block in start_thread'


  Rendered /home/lth/.rvm/gems/ruby-2.0.0-p643/gems/actionpack-4.2.1/lib/action_dispatch/middleware/templates/rescues/_trace.html.erb (15.9ms)
  Rendered /home/lth/.rvm/gems/ruby-2.0.0-p643/gems/actionpack-4.2.1/lib/action_dispatch/middleware/templates/routes/_route.html.erb (18.1ms)
  Rendered /home/lth/.rvm/gems/ruby-2.0.0-p643/gems/actionpack-4.2.1/lib/action_dispatch/middleware/templates/routes/_table.html.erb (14.3ms)
  Rendered /home/lth/.rvm/gems/ruby-2.0.0-p643/gems/actionpack-4.2.1/lib/action_dispatch/middleware/templates/rescues/_request_and_response.html.erb (13.3ms)
  Rendered /home/lth/.rvm/gems/ruby-2.0.0-p643/gems/actionpack-4.2.1/lib/action_dispatch/middleware/templates/rescues/routing_error.html.erb within rescues/layout (299.6ms)
  Rendered /home/lth/.rvm/gems/ruby-2.0.0-p643/gems/web-console-2.1.2/lib/web_console/templates/_markup.html.erb (1.8ms)
  Rendered /home/lth/.rvm/gems/ruby-2.0.0-p643/gems/web-console-2.1.2/lib/web_console/templates/style.css.erb within layouts/inlined_string (7.3ms)
  Rendered /home/lth/.rvm/gems/ruby-2.0.0-p643/gems/web-console-2.1.2/lib/web_console/templates/_inner_console_markup.html.erb within layouts/inlined_string (16.4ms)
  Rendered /home/lth/.rvm/gems/ruby-2.0.0-p643/gems/web-console-2.1.2/lib/web_console/templates/_prompt_box_markup.html.erb within layouts/inlined_string (1.3ms)
  Rendered /home/lth/.rvm/gems/ruby-2.0.0-p643/gems/web-console-2.1.2/lib/web_console/templates/console.js.erb within layouts/javascript (220.9ms)
  Rendered /home/lth/.rvm/gems/ruby-2.0.0-p643/gems/web-console-2.1.2/lib/web_console/templates/main.js.erb within layouts/javascript (7.2ms)
  Rendered /home/lth/.rvm/gems/ruby-2.0.0-p643/gems/web-console-2.1.2/lib/web_console/templates/error_page.js.erb within layouts/javascript (13.4ms)
  Rendered /home/lth/.rvm/gems/ruby-2.0.0-p643/gems/web-console-2.1.2/lib/web_console/templates/index.html.erb (447.7ms)


Started GET "/products/1/edit" for 127.0.0.1 at 2015-06-02 13:47:22 +0900
Processing by ProductsController#edit as HTML
  Parameters: {"id"=>"1"}
  [1m[35mProduct Load (7.4ms)[0m  SELECT  "products".* FROM "products" WHERE "products"."id" = ? LIMIT 1  [["id", 1]]
  Rendered products/_form.html.erb (42.4ms)
  Rendered products/edit.html.erb within layouts/application (59.7ms)
Completed 200 OK in 385ms (Views: 362.8ms | ActiveRecord: 7.4ms)


Started PATCH "/products/1" for 127.0.0.1 at 2015-06-02 13:47:45 +0900
Processing by ProductsController#update as HTML
  Parameters: {"utf8"=>"✓", "authenticity_token"=>"jtVSq2H6kCQWVx6Nzno+/CmSSpPJFIYJJSjMv2cket8DbMgHutYHfu5BQvg71zKPzkWEcbnXslrI2aSdPYzaeg==", "product"=>{"title"=>"순하리", "description"=>"개존맛", "image_url"=>"products/sunhari.jpg", "price"=>"3000.0"}, "commit"=>"Update Product", "id"=>"1"}
  [1m[36mProduct Load (4.9ms)[0m  [1mSELECT  "products".* FROM "products" WHERE "products"."id" = ? LIMIT 1[0m  [["id", 1]]
  [1m[35m (0.8ms)[0m  begin transaction
  [1m[36mProduct Exists (9.7ms)[0m  [1mSELECT  1 AS one FROM "products" WHERE ("products"."title" = '순하리' AND "products"."id" != 1) LIMIT 1[0m
  [1m[35mSQL (0.6ms)[0m  UPDATE "products" SET "image_url" = ?, "updated_at" = ? WHERE "products"."id" = ?  [["image_url", "products/sunhari.jpg"], ["updated_at", "2015-06-02 04:47:45.366370"], ["id", 1]]
  [1m[36m (8.3ms)[0m  [1mcommit transaction[0m
Redirected to http://localhost:3000/products/1
Completed 302 Found in 95ms (ActiveRecord: 24.3ms)


Started GET "/products/1" for 127.0.0.1 at 2015-06-02 13:47:45 +0900
Processing by ProductsController#show as HTML
  Parameters: {"id"=>"1"}
  [1m[35mProduct Load (2.9ms)[0m  SELECT  "products".* FROM "products" WHERE "products"."id" = ? LIMIT 1  [["id", 1]]
  Rendered products/show.html.erb within layouts/application (14.1ms)
Completed 200 OK in 455ms (Views: 437.2ms | ActiveRecord: 2.9ms)


Started GET "/products" for 127.0.0.1 at 2015-06-02 13:47:48 +0900
Processing by ProductsController#index as HTML
  [1m[36mProduct Load (0.5ms)[0m  [1mSELECT "products".* FROM "products"[0m
  Rendered products/index.html.erb within layouts/application (49.6ms)
Completed 200 OK in 509ms (Views: 504.9ms | ActiveRecord: 0.5ms)


Started GET "/images/products/sunhari.jpg" for 127.0.0.1 at 2015-06-02 13:47:48 +0900

ActionController::RoutingError (No route matches [GET] "/images/products/sunhari.jpg"):
  actionpack (4.2.1) lib/action_dispatch/middleware/debug_exceptions.rb:21:in `call'
  web-console (2.1.2) lib/web_console/middleware.rb:37:in `call'
  actionpack (4.2.1) lib/action_dispatch/middleware/show_exceptions.rb:30:in `call'
  railties (4.2.1) lib/rails/rack/logger.rb:38:in `call_app'
  railties (4.2.1) lib/rails/rack/logger.rb:20:in `block in call'
  activesupport (4.2.1) lib/active_support/tagged_logging.rb:68:in `block in tagged'
  activesupport (4.2.1) lib/active_support/tagged_logging.rb:26:in `tagged'
  activesupport (4.2.1) lib/active_support/tagged_logging.rb:68:in `tagged'
  railties (4.2.1) lib/rails/rack/logger.rb:20:in `call'
  actionpack (4.2.1) lib/action_dispatch/middleware/request_id.rb:21:in `call'
  rack (1.6.1) lib/rack/methodoverride.rb:22:in `call'
  rack (1.6.1) lib/rack/runtime.rb:18:in `call'
  activesupport (4.2.1) lib/active_support/cache/strategy/local_cache_middleware.rb:28:in `call'
  rack (1.6.1) lib/rack/lock.rb:17:in `call'
  actionpack (4.2.1) lib/action_dispatch/middleware/static.rb:113:in `call'
  rack (1.6.1) lib/rack/sendfile.rb:113:in `call'
  railties (4.2.1) lib/rails/engine.rb:518:in `call'
  railties (4.2.1) lib/rails/application.rb:164:in `call'
  rack (1.6.1) lib/rack/lock.rb:17:in `call'
  rack (1.6.1) lib/rack/content_length.rb:15:in `call'
  rack (1.6.1) lib/rack/handler/webrick.rb:89:in `service'
  /home/lth/.rvm/rubies/ruby-2.0.0-p643/lib/ruby/2.0.0/webrick/httpserver.rb:138:in `service'
  /home/lth/.rvm/rubies/ruby-2.0.0-p643/lib/ruby/2.0.0/webrick/httpserver.rb:94:in `run'
  /home/lth/.rvm/rubies/ruby-2.0.0-p643/lib/ruby/2.0.0/webrick/server.rb:295:in `block in start_thread'


  Rendered /home/lth/.rvm/gems/ruby-2.0.0-p643/gems/actionpack-4.2.1/lib/action_dispatch/middleware/templates/rescues/_trace.html.erb (14.1ms)
  Rendered /home/lth/.rvm/gems/ruby-2.0.0-p643/gems/actionpack-4.2.1/lib/action_dispatch/middleware/templates/routes/_route.html.erb (22.1ms)
  Rendered /home/lth/.rvm/gems/ruby-2.0.0-p643/gems/actionpack-4.2.1/lib/action_dispatch/middleware/templates/routes/_table.html.erb (20.7ms)
  Rendered /home/lth/.rvm/gems/ruby-2.0.0-p643/gems/actionpack-4.2.1/lib/action_dispatch/middleware/templates/rescues/_request_and_response.html.erb (32.2ms)
  Rendered /home/lth/.rvm/gems/ruby-2.0.0-p643/gems/actionpack-4.2.1/lib/action_dispatch/middleware/templates/rescues/routing_error.html.erb within rescues/layout (303.6ms)
  Rendered /home/lth/.rvm/gems/ruby-2.0.0-p643/gems/web-console-2.1.2/lib/web_console/templates/_markup.html.erb (11.4ms)
  Rendered /home/lth/.rvm/gems/ruby-2.0.0-p643/gems/web-console-2.1.2/lib/web_console/templates/style.css.erb within layouts/inlined_string (14.3ms)
  Rendered /home/lth/.rvm/gems/ruby-2.0.0-p643/gems/web-console-2.1.2/lib/web_console/templates/_inner_console_markup.html.erb within layouts/inlined_string (1.6ms)
  Rendered /home/lth/.rvm/gems/ruby-2.0.0-p643/gems/web-console-2.1.2/lib/web_console/templates/_prompt_box_markup.html.erb within layouts/inlined_string (5.8ms)
  Rendered /home/lth/.rvm/gems/ruby-2.0.0-p643/gems/web-console-2.1.2/lib/web_console/templates/console.js.erb within layouts/javascript (268.5ms)
  Rendered /home/lth/.rvm/gems/ruby-2.0.0-p643/gems/web-console-2.1.2/lib/web_console/templates/main.js.erb within layouts/javascript (1.4ms)
  Rendered /home/lth/.rvm/gems/ruby-2.0.0-p643/gems/web-console-2.1.2/lib/web_console/templates/error_page.js.erb within layouts/javascript (2.4ms)
  Rendered /home/lth/.rvm/gems/ruby-2.0.0-p643/gems/web-console-2.1.2/lib/web_console/templates/index.html.erb (527.7ms)


Started GET "/products/1/edit" for 127.0.0.1 at 2015-06-02 13:47:52 +0900
Processing by ProductsController#edit as HTML
  Parameters: {"id"=>"1"}
  [1m[35mProduct Load (2.6ms)[0m  SELECT  "products".* FROM "products" WHERE "products"."id" = ? LIMIT 1  [["id", 1]]
  Rendered products/_form.html.erb (35.5ms)
  Rendered products/edit.html.erb within layouts/application (54.6ms)
Completed 200 OK in 276ms (Views: 262.6ms | ActiveRecord: 2.6ms)


Started PATCH "/products/1" for 127.0.0.1 at 2015-06-02 13:47:57 +0900
Processing by ProductsController#update as HTML
  Parameters: {"utf8"=>"✓", "authenticity_token"=>"t5CueRvZuVLEPHlb5Np3kUmY3kPoTIc6g37tVYzZ3Q46KTTVwPUuCDwqJS4Rd3virk8QoZiPs2luj4V31nF9qw==", "product"=>{"title"=>"순하리", "description"=>"개존맛", "image_url"=>"/products/sunhari.jpg", "price"=>"3000.0"}, "commit"=>"Update Product", "id"=>"1"}
  [1m[36mProduct Load (3.7ms)[0m  [1mSELECT  "products".* FROM "products" WHERE "products"."id" = ? LIMIT 1[0m  [["id", 1]]
  [1m[35m (0.3ms)[0m  begin transaction
  [1m[36mProduct Exists (3.7ms)[0m  [1mSELECT  1 AS one FROM "products" WHERE ("products"."title" = '순하리' AND "products"."id" != 1) LIMIT 1[0m
  [1m[35mSQL (0.8ms)[0m  UPDATE "products" SET "image_url" = ?, "updated_at" = ? WHERE "products"."id" = ?  [["image_url", "/products/sunhari.jpg"], ["updated_at", "2015-06-02 04:47:57.909143"], ["id", 1]]
  [1m[36m (32.8ms)[0m  [1mcommit transaction[0m
Redirected to http://localhost:3000/products/1
Completed 302 Found in 127ms (ActiveRecord: 41.2ms)


Started GET "/products/1" for 127.0.0.1 at 2015-06-02 13:47:58 +0900
Processing by ProductsController#show as HTML
  Parameters: {"id"=>"1"}
  [1m[35mProduct Load (4.0ms)[0m  SELECT  "products".* FROM "products" WHERE "products"."id" = ? LIMIT 1  [["id", 1]]
  Rendered products/show.html.erb within layouts/application (1.3ms)
Completed 200 OK in 402ms (Views: 369.8ms | ActiveRecord: 4.0ms)


Started GET "/products" for 127.0.0.1 at 2015-06-02 13:48:01 +0900
Processing by ProductsController#index as HTML
  [1m[36mProduct Load (1.9ms)[0m  [1mSELECT "products".* FROM "products"[0m
  Rendered products/index.html.erb within layouts/application (391.5ms)
Completed 200 OK in 677ms (Views: 672.0ms | ActiveRecord: 1.9ms)


Started GET "/products/sunhari.jpg" for 127.0.0.1 at 2015-06-02 13:48:02 +0900
Processing by ProductsController#show as JPEG
  Parameters: {"id"=>"sunhari"}
  [1m[35mProduct Load (10.2ms)[0m  SELECT  "products".* FROM "products" WHERE "products"."id" = ? LIMIT 1  [["id", 0]]
Completed 404 Not Found in 20ms (ActiveRecord: 10.2ms)

ActiveRecord::RecordNotFound (Couldn't find Product with 'id'=sunhari):
  app/controllers/products_controller.rb:67:in `set_product'


  Rendered /home/lth/.rvm/gems/ruby-2.0.0-p643/gems/actionpack-4.2.1/lib/action_dispatch/middleware/templates/rescues/_source.erb (42.9ms)
  Rendered /home/lth/.rvm/gems/ruby-2.0.0-p643/gems/actionpack-4.2.1/lib/action_dispatch/middleware/templates/rescues/_trace.html.erb (34.7ms)
  Rendered /home/lth/.rvm/gems/ruby-2.0.0-p643/gems/actionpack-4.2.1/lib/action_dispatch/middleware/templates/rescues/_request_and_response.html.erb (14.9ms)
  Rendered /home/lth/.rvm/gems/ruby-2.0.0-p643/gems/actionpack-4.2.1/lib/action_dispatch/middleware/templates/rescues/diagnostics.html.erb within rescues/layout (214.9ms)
  Rendered /home/lth/.rvm/gems/ruby-2.0.0-p643/gems/web-console-2.1.2/lib/web_console/templates/_markup.html.erb (16.2ms)
  Rendered /home/lth/.rvm/gems/ruby-2.0.0-p643/gems/web-console-2.1.2/lib/web_console/templates/style.css.erb within layouts/inlined_string (4.3ms)
  Rendered /home/lth/.rvm/gems/ruby-2.0.0-p643/gems/web-console-2.1.2/lib/web_console/templates/_inner_console_markup.html.erb within layouts/inlined_string (9.8ms)
  Rendered /home/lth/.rvm/gems/ruby-2.0.0-p643/gems/web-console-2.1.2/lib/web_console/templates/_prompt_box_markup.html.erb within layouts/inlined_string (8.0ms)
  Rendered /home/lth/.rvm/gems/ruby-2.0.0-p643/gems/web-console-2.1.2/lib/web_console/templates/console.js.erb within layouts/javascript (176.4ms)
  Rendered /home/lth/.rvm/gems/ruby-2.0.0-p643/gems/web-console-2.1.2/lib/web_console/templates/main.js.erb within layouts/javascript (2.8ms)
  Rendered /home/lth/.rvm/gems/ruby-2.0.0-p643/gems/web-console-2.1.2/lib/web_console/templates/error_page.js.erb within layouts/javascript (1.9ms)
  Rendered /home/lth/.rvm/gems/ruby-2.0.0-p643/gems/web-console-2.1.2/lib/web_console/templates/index.html.erb (407.1ms)


Started GET "/products/1/edit" for 127.0.0.1 at 2015-06-02 13:48:05 +0900
Processing by ProductsController#edit as HTML
  Parameters: {"id"=>"1"}
  [1m[36mProduct Load (2.8ms)[0m  [1mSELECT  "products".* FROM "products" WHERE "products"."id" = ? LIMIT 1[0m  [["id", 1]]
  Rendered products/_form.html.erb (31.5ms)
  Rendered products/edit.html.erb within layouts/application (35.3ms)
Completed 200 OK in 1116ms (Views: 1099.3ms | ActiveRecord: 2.8ms)


Started PATCH "/products/1" for 127.0.0.1 at 2015-06-02 13:48:27 +0900
Processing by ProductsController#update as HTML
  Parameters: {"utf8"=>"✓", "authenticity_token"=>"1KMXyXTIi9jmBzURMEhg75rxX3O5fjmiAxNlDzqCrw5ZGo1lr+Qcgh4RaWTF5WycfSaRkcm9DfHu4g0tYCoPqw==", "product"=>{"title"=>"순하리", "description"=>"개존맛", "image_url"=>"http://postfiles11.naver.net/20150518_154/knnk6807_1431956450075XeA6A_JPEG/b4.jpg?type=w3", "price"=>"3000.0"}, "commit"=>"Update Product", "id"=>"1"}
  [1m[35mProduct Load (16.5ms)[0m  SELECT  "products".* FROM "products" WHERE "products"."id" = ? LIMIT 1  [["id", 1]]
  [1m[36m (9.4ms)[0m  [1mbegin transaction[0m
  [1m[35mProduct Exists (3.5ms)[0m  SELECT  1 AS one FROM "products" WHERE ("products"."title" = '순하리' AND "products"."id" != 1) LIMIT 1
  [1m[36m (0.3ms)[0m  [1mrollback transaction[0m
  Rendered products/_form.html.erb (64.5ms)
  Rendered products/edit.html.erb within layouts/application (85.1ms)
Completed 200 OK in 637ms (Views: 539.3ms | ActiveRecord: 29.6ms)


Started PATCH "/products/1" for 127.0.0.1 at 2015-06-02 13:48:42 +0900
Processing by ProductsController#update as HTML
  Parameters: {"utf8"=>"✓", "authenticity_token"=>"5Tyt2KGHcKrSN1wbxh3DZ8PAiJGKyfGEOyZY5jVgpNpohTd0eqvn8CohAG4zsM8UJBdGc/oKxdfW1zDEb8gEfw==", "product"=>{"title"=>"순하리", "description"=>"개존맛", "image_url"=>"http://postfiles11.naver.net/20150518_154/knnk6807_1431956450075XeA6A_JPEG/b4.jpg?type=w3", "price"=>"3000.0"}, "commit"=>"Update Product", "id"=>"1"}
  [1m[35mProduct Load (8.0ms)[0m  SELECT  "products".* FROM "products" WHERE "products"."id" = ? LIMIT 1  [["id", 1]]
  [1m[36m (0.6ms)[0m  [1mbegin transaction[0m
  [1m[35mProduct Exists (0.7ms)[0m  SELECT  1 AS one FROM "products" WHERE ("products"."title" = '순하리' AND "products"."id" != 1) LIMIT 1
  [1m[36m (0.4ms)[0m  [1mrollback transaction[0m
  Rendered products/_form.html.erb (44.7ms)
  Rendered products/edit.html.erb within layouts/application (55.0ms)
Completed 200 OK in 653ms (Views: 573.9ms | ActiveRecord: 9.7ms)


Started PATCH "/products/1" for 127.0.0.1 at 2015-06-02 13:49:21 +0900
Processing by ProductsController#update as HTML
  Parameters: {"utf8"=>"✓", "authenticity_token"=>"+HpSkHpr0yglXjBSPy2HJGJ/xzPWcleq5dV1bdPVO0l1w8g8oUdEct1IbCfKgItXhagJ0aaxY/kIJB1PiX2b7A==", "product"=>{"title"=>"순하리", "description"=>"개존맛", "image_url"=>"/home/lth/bshop/app/views/products/sunhari.jpg", "price"=>"3000.0"}, "commit"=>"Update Product", "id"=>"1"}
  [1m[35mProduct Load (8.9ms)[0m  SELECT  "products".* FROM "products" WHERE "products"."id" = ? LIMIT 1  [["id", 1]]
  [1m[36m (0.2ms)[0m  [1mbegin transaction[0m
  [1m[35mProduct Exists (0.6ms)[0m  SELECT  1 AS one FROM "products" WHERE ("products"."title" = '순하리' AND "products"."id" != 1) LIMIT 1
  [1m[36mSQL (1.1ms)[0m  [1mUPDATE "products" SET "image_url" = ?, "updated_at" = ? WHERE "products"."id" = ?[0m  [["image_url", "/home/lth/bshop/app/views/products/sunhari.jpg"], ["updated_at", "2015-06-02 04:49:21.855958"], ["id", 1]]
  [1m[35m (8.6ms)[0m  commit transaction
Redirected to http://localhost:3000/products/1
Completed 302 Found in 119ms (ActiveRecord: 19.5ms)


Started GET "/products/1" for 127.0.0.1 at 2015-06-02 13:49:22 +0900
Processing by ProductsController#show as HTML
  Parameters: {"id"=>"1"}
  [1m[36mProduct Load (6.6ms)[0m  [1mSELECT  "products".* FROM "products" WHERE "products"."id" = ? LIMIT 1[0m  [["id", 1]]
  Rendered products/show.html.erb within layouts/application (8.2ms)
Completed 200 OK in 496ms (Views: 479.4ms | ActiveRecord: 6.6ms)


Started GET "/products" for 127.0.0.1 at 2015-06-02 13:49:25 +0900
Processing by ProductsController#index as HTML
  [1m[35mProduct Load (6.1ms)[0m  SELECT "products".* FROM "products"
  Rendered products/index.html.erb within layouts/application (35.8ms)
Completed 200 OK in 1147ms (Views: 1131.5ms | ActiveRecord: 6.1ms)


Started GET "/home/lth/bshop/app/views/products/sunhari.jpg" for 127.0.0.1 at 2015-06-02 13:49:27 +0900

ActionController::RoutingError (No route matches [GET] "/home/lth/bshop/app/views/products/sunhari.jpg"):
  actionpack (4.2.1) lib/action_dispatch/middleware/debug_exceptions.rb:21:in `call'
  web-console (2.1.2) lib/web_console/middleware.rb:37:in `call'
  actionpack (4.2.1) lib/action_dispatch/middleware/show_exceptions.rb:30:in `call'
  railties (4.2.1) lib/rails/rack/logger.rb:38:in `call_app'
  railties (4.2.1) lib/rails/rack/logger.rb:20:in `block in call'
  activesupport (4.2.1) lib/active_support/tagged_logging.rb:68:in `block in tagged'
  activesupport (4.2.1) lib/active_support/tagged_logging.rb:26:in `tagged'
  activesupport (4.2.1) lib/active_support/tagged_logging.rb:68:in `tagged'
  railties (4.2.1) lib/rails/rack/logger.rb:20:in `call'
  actionpack (4.2.1) lib/action_dispatch/middleware/request_id.rb:21:in `call'
  rack (1.6.1) lib/rack/methodoverride.rb:22:in `call'
  rack (1.6.1) lib/rack/runtime.rb:18:in `call'
  activesupport (4.2.1) lib/active_support/cache/strategy/local_cache_middleware.rb:28:in `call'
  rack (1.6.1) lib/rack/lock.rb:17:in `call'
  actionpack (4.2.1) lib/action_dispatch/middleware/static.rb:113:in `call'
  rack (1.6.1) lib/rack/sendfile.rb:113:in `call'
  railties (4.2.1) lib/rails/engine.rb:518:in `call'
  railties (4.2.1) lib/rails/application.rb:164:in `call'
  rack (1.6.1) lib/rack/lock.rb:17:in `call'
  rack (1.6.1) lib/rack/content_length.rb:15:in `call'
  rack (1.6.1) lib/rack/handler/webrick.rb:89:in `service'
  /home/lth/.rvm/rubies/ruby-2.0.0-p643/lib/ruby/2.0.0/webrick/httpserver.rb:138:in `service'
  /home/lth/.rvm/rubies/ruby-2.0.0-p643/lib/ruby/2.0.0/webrick/httpserver.rb:94:in `run'
  /home/lth/.rvm/rubies/ruby-2.0.0-p643/lib/ruby/2.0.0/webrick/server.rb:295:in `block in start_thread'


  Rendered /home/lth/.rvm/gems/ruby-2.0.0-p643/gems/actionpack-4.2.1/lib/action_dispatch/middleware/templates/rescues/_trace.html.erb (15.9ms)
  Rendered /home/lth/.rvm/gems/ruby-2.0.0-p643/gems/actionpack-4.2.1/lib/action_dispatch/middleware/templates/routes/_route.html.erb (27.4ms)
  Rendered /home/lth/.rvm/gems/ruby-2.0.0-p643/gems/actionpack-4.2.1/lib/action_dispatch/middleware/templates/routes/_table.html.erb (58.5ms)
  Rendered /home/lth/.rvm/gems/ruby-2.0.0-p643/gems/actionpack-4.2.1/lib/action_dispatch/middleware/templates/rescues/_request_and_response.html.erb (43.9ms)
  Rendered /home/lth/.rvm/gems/ruby-2.0.0-p643/gems/actionpack-4.2.1/lib/action_dispatch/middleware/templates/rescues/routing_error.html.erb within rescues/layout (492.9ms)
  Rendered /home/lth/.rvm/gems/ruby-2.0.0-p643/gems/web-console-2.1.2/lib/web_console/templates/_markup.html.erb (9.3ms)
  Rendered /home/lth/.rvm/gems/ruby-2.0.0-p643/gems/web-console-2.1.2/lib/web_console/templates/style.css.erb within layouts/inlined_string (1.6ms)
  Rendered /home/lth/.rvm/gems/ruby-2.0.0-p643/gems/web-console-2.1.2/lib/web_console/templates/_inner_console_markup.html.erb within layouts/inlined_string (3.9ms)
  Rendered /home/lth/.rvm/gems/ruby-2.0.0-p643/gems/web-console-2.1.2/lib/web_console/templates/_prompt_box_markup.html.erb within layouts/inlined_string (14.5ms)
  Rendered /home/lth/.rvm/gems/ruby-2.0.0-p643/gems/web-console-2.1.2/lib/web_console/templates/console.js.erb within layouts/javascript (255.3ms)
  Rendered /home/lth/.rvm/gems/ruby-2.0.0-p643/gems/web-console-2.1.2/lib/web_console/templates/main.js.erb within layouts/javascript (1.6ms)
  Rendered /home/lth/.rvm/gems/ruby-2.0.0-p643/gems/web-console-2.1.2/lib/web_console/templates/error_page.js.erb within layouts/javascript (2.2ms)
  Rendered /home/lth/.rvm/gems/ruby-2.0.0-p643/gems/web-console-2.1.2/lib/web_console/templates/index.html.erb (482.5ms)


Started GET "/products/1/edit" for 127.0.0.1 at 2015-06-02 13:49:52 +0900
Processing by ProductsController#edit as HTML
  Parameters: {"id"=>"1"}
  [1m[36mProduct Load (0.7ms)[0m  [1mSELECT  "products".* FROM "products" WHERE "products"."id" = ? LIMIT 1[0m  [["id", 1]]
  Rendered products/_form.html.erb (42.8ms)
  Rendered products/edit.html.erb within layouts/application (71.2ms)
Completed 200 OK in 483ms (Views: 461.4ms | ActiveRecord: 0.7ms)


Started PATCH "/products/1" for 127.0.0.1 at 2015-06-02 13:50:06 +0900
Processing by ProductsController#update as HTML
  Parameters: {"utf8"=>"✓", "authenticity_token"=>"LEtZCeTnFTkZTI5rcsBsqv0JkjGJsUltpp7j1HK6eF6h8sOlP8uCY+Fa0h6HbWDZGt5c0/lyfT5Lb4v2KBLY+w==", "product"=>{"title"=>"순하리", "description"=>"개존맛", "image_url"=>"http://postfiles13.naver.net/20150518_140/knnk6807_1431956449655D22h5_JPEG/b3.jpg", "price"=>"3000"}, "commit"=>"Update Product", "id"=>"1"}
  [1m[35mProduct Load (0.4ms)[0m  SELECT  "products".* FROM "products" WHERE "products"."id" = ? LIMIT 1  [["id", 1]]
  [1m[36m (0.4ms)[0m  [1mbegin transaction[0m
  [1m[35mProduct Exists (1.1ms)[0m  SELECT  1 AS one FROM "products" WHERE ("products"."title" = '순하리' AND "products"."id" != 1) LIMIT 1
  [1m[36mSQL (8.4ms)[0m  [1mUPDATE "products" SET "image_url" = ?, "updated_at" = ? WHERE "products"."id" = ?[0m  [["image_url", "http://postfiles13.naver.net/20150518_140/knnk6807_1431956449655D22h5_JPEG/b3.jpg"], ["updated_at", "2015-06-02 04:50:06.185917"], ["id", 1]]
  [1m[35m (65.3ms)[0m  commit transaction
Redirected to http://localhost:3000/products/1
Completed 302 Found in 150ms (ActiveRecord: 75.5ms)


Started GET "/products/1" for 127.0.0.1 at 2015-06-02 13:50:06 +0900
Processing by ProductsController#show as HTML
  Parameters: {"id"=>"1"}
  [1m[36mProduct Load (5.8ms)[0m  [1mSELECT  "products".* FROM "products" WHERE "products"."id" = ? LIMIT 1[0m  [["id", 1]]
  Rendered products/show.html.erb within layouts/application (2.1ms)
Completed 200 OK in 495ms (Views: 484.7ms | ActiveRecord: 5.8ms)


Started GET "/products" for 127.0.0.1 at 2015-06-02 13:50:09 +0900
Processing by ProductsController#index as HTML
  [1m[35mProduct Load (1.1ms)[0m  SELECT "products".* FROM "products"
  Rendered products/index.html.erb within layouts/application (581.8ms)
Completed 200 OK in 996ms (Views: 991.4ms | ActiveRecord: 1.1ms)


Started GET "/products/1/edit" for 127.0.0.1 at 2015-06-02 13:50:14 +0900
Processing by ProductsController#edit as HTML
  Parameters: {"id"=>"1"}
  [1m[36mProduct Load (0.6ms)[0m  [1mSELECT  "products".* FROM "products" WHERE "products"."id" = ? LIMIT 1[0m  [["id", 1]]
  Rendered products/_form.html.erb (30.8ms)
  Rendered products/edit.html.erb within layouts/application (41.6ms)
Completed 200 OK in 376ms (Views: 358.9ms | ActiveRecord: 0.6ms)


Started PATCH "/products/1" for 127.0.0.1 at 2015-06-02 13:50:23 +0900
Processing by ProductsController#update as HTML
  Parameters: {"utf8"=>"✓", "authenticity_token"=>"jBtwOKp7zWr7MbQO63Dvil4Yxale1JbQFm8rvJ+wN9ABouqUcVdaMAMn6Hse3eP5uc8LSy4XooP7nkOexRiXdQ==", "product"=>{"title"=>"순하리", "description"=>"개존맛", "image_url"=>"http://postfiles13.naver.net/20150518_140/knnk6807_1431956449655D22h5_JPEG/b3.jpg?type=w3", "price"=>"3000.0"}, "commit"=>"Update Product", "id"=>"1"}
  [1m[35mProduct Load (0.4ms)[0m  SELECT  "products".* FROM "products" WHERE "products"."id" = ? LIMIT 1  [["id", 1]]
  [1m[36m (0.2ms)[0m  [1mbegin transaction[0m
  [1m[35mProduct Exists (0.6ms)[0m  SELECT  1 AS one FROM "products" WHERE ("products"."title" = '순하리' AND "products"."id" != 1) LIMIT 1
  [1m[36m (0.4ms)[0m  [1mrollback transaction[0m
  Rendered products/_form.html.erb (48.6ms)
  Rendered products/edit.html.erb within layouts/application (75.7ms)
Completed 200 OK in 571ms (Views: 489.0ms | ActiveRecord: 1.6ms)


Started PATCH "/products/1" for 127.0.0.1 at 2015-06-02 13:51:09 +0900
Processing by ProductsController#update as HTML
  Parameters: {"utf8"=>"✓", "authenticity_token"=>"ka8vHtXdYezs3h6mp/Pq6NGADmGmp9zv8sWB2F0SECEcFrWyDvH2thTIQtNSXuabNlfAg9Zk6LwfNOn6B7qwhA==", "product"=>{"title"=>"순하리", "description"=>"개존맛", "image_url"=>"http://postfiles13.naver.net/20150518_140/knnk6807_1431956449655D22h5_JPEG/b3.jpg?type=w3", "price"=>"3000.0"}, "commit"=>"Update Product", "id"=>"1"}
Completed 500 Internal Server Error in 53ms (ActiveRecord: 0.0ms)

ArgumentError (You need to supply at least one validation):
  app/models/product.rb:6:in `<class:Product>'
  app/models/product.rb:1:in `<top (required)>'
  app/controllers/products_controller.rb:67:in `set_product'


  Rendered /home/lth/.rvm/gems/ruby-2.0.0-p643/gems/actionpack-4.2.1/lib/action_dispatch/middleware/templates/rescues/_source.erb (49.8ms)
  Rendered /home/lth/.rvm/gems/ruby-2.0.0-p643/gems/actionpack-4.2.1/lib/action_dispatch/middleware/templates/rescues/_trace.html.erb (37.1ms)
  Rendered /home/lth/.rvm/gems/ruby-2.0.0-p643/gems/actionpack-4.2.1/lib/action_dispatch/middleware/templates/rescues/_request_and_response.html.erb (4.7ms)
  Rendered /home/lth/.rvm/gems/ruby-2.0.0-p643/gems/actionpack-4.2.1/lib/action_dispatch/middleware/templates/rescues/diagnostics.html.erb within rescues/layout (217.2ms)
  Rendered /home/lth/.rvm/gems/ruby-2.0.0-p643/gems/web-console-2.1.2/lib/web_console/templates/_markup.html.erb (8.5ms)
  Rendered /home/lth/.rvm/gems/ruby-2.0.0-p643/gems/web-console-2.1.2/lib/web_console/templates/style.css.erb within layouts/inlined_string (1.7ms)
  Rendered /home/lth/.rvm/gems/ruby-2.0.0-p643/gems/web-console-2.1.2/lib/web_console/templates/_inner_console_markup.html.erb within layouts/inlined_string (1.4ms)
  Rendered /home/lth/.rvm/gems/ruby-2.0.0-p643/gems/web-console-2.1.2/lib/web_console/templates/_prompt_box_markup.html.erb within layouts/inlined_string (1.4ms)
  Rendered /home/lth/.rvm/gems/ruby-2.0.0-p643/gems/web-console-2.1.2/lib/web_console/templates/console.js.erb within layouts/javascript (208.0ms)
  Rendered /home/lth/.rvm/gems/ruby-2.0.0-p643/gems/web-console-2.1.2/lib/web_console/templates/main.js.erb within layouts/javascript (1.7ms)
  Rendered /home/lth/.rvm/gems/ruby-2.0.0-p643/gems/web-console-2.1.2/lib/web_console/templates/error_page.js.erb within layouts/javascript (10.8ms)
  Rendered /home/lth/.rvm/gems/ruby-2.0.0-p643/gems/web-console-2.1.2/lib/web_console/templates/index.html.erb (420.0ms)


Started GET "/products" for 127.0.0.1 at 2015-06-02 13:51:31 +0900
Processing by ProductsController#index as HTML
  [1m[35mProduct Load (16.6ms)[0m  SELECT "products".* FROM "products"
  Rendered products/index.html.erb within layouts/application (1061.0ms)
Completed 200 OK in 1679ms (Views: 1604.8ms | ActiveRecord: 25.2ms)


Started GET "/products/1/edit" for 127.0.0.1 at 2015-06-02 13:51:36 +0900
Processing by ProductsController#edit as HTML
  Parameters: {"id"=>"1"}
  [1m[36mProduct Load (22.7ms)[0m  [1mSELECT  "products".* FROM "products" WHERE "products"."id" = ? LIMIT 1[0m  [["id", 1]]
  Rendered products/_form.html.erb (46.1ms)
  Rendered products/edit.html.erb within layouts/application (55.7ms)
Completed 200 OK in 388ms (Views: 351.0ms | ActiveRecord: 22.7ms)


Started PATCH "/products/1" for 127.0.0.1 at 2015-06-02 13:51:39 +0900
Processing by ProductsController#update as HTML
  Parameters: {"utf8"=>"✓", "authenticity_token"=>"5uEZtji/HT8uJ/Pa3AsbGGcBrWV4N7I37JYAljosxYdrWIMa45OKZdYxr68pphdrgNZjhwj0hmQBZ2i0YIRlIg==", "product"=>{"title"=>"순하리", "description"=>"개존맛", "image_url"=>"http://postfiles13.naver.net/20150518_140/knnk6807_1431956449655D22h5_JPEG/b3.jpg?type=w3", "price"=>"3000.0"}, "commit"=>"Update Product", "id"=>"1"}
  [1m[35mProduct Load (5.9ms)[0m  SELECT  "products".* FROM "products" WHERE "products"."id" = ? LIMIT 1  [["id", 1]]
  [1m[36m (0.3ms)[0m  [1mbegin transaction[0m
  [1m[35mProduct Exists (3.8ms)[0m  SELECT  1 AS one FROM "products" WHERE ("products"."title" = '순하리' AND "products"."id" != 1) LIMIT 1
  [1m[36mSQL (4.4ms)[0m  [1mUPDATE "products" SET "image_url" = ?, "updated_at" = ? WHERE "products"."id" = ?[0m  [["image_url", "http://postfiles13.naver.net/20150518_140/knnk6807_1431956449655D22h5_JPEG/b3.jpg?type=w3"], ["updated_at", "2015-06-02 04:51:39.629437"], ["id", 1]]
  [1m[35m (11.6ms)[0m  commit transaction
Redirected to http://localhost:3000/products/1
Completed 302 Found in 116ms (ActiveRecord: 25.9ms)


Started GET "/products/1" for 127.0.0.1 at 2015-06-02 13:51:39 +0900
Processing by ProductsController#show as HTML
  Parameters: {"id"=>"1"}
  [1m[36mProduct Load (8.7ms)[0m  [1mSELECT  "products".* FROM "products" WHERE "products"."id" = ? LIMIT 1[0m  [["id", 1]]
  Rendered products/show.html.erb within layouts/application (2.2ms)
Completed 200 OK in 487ms (Views: 466.8ms | ActiveRecord: 8.7ms)


Started GET "/products" for 127.0.0.1 at 2015-06-02 13:51:42 +0900
Processing by ProductsController#index as HTML
  [1m[35mProduct Load (3.0ms)[0m  SELECT "products".* FROM "products"
  Rendered products/index.html.erb within layouts/application (32.8ms)
Completed 200 OK in 363ms (Views: 346.8ms | ActiveRecord: 3.0ms)


Started GET "/products" for 127.0.0.1 at 2015-06-02 13:53:26 +0900
Processing by ProductsController#index as HTML
  [1m[36mProduct Load (9.1ms)[0m  [1mSELECT "products".* FROM "products"[0m
  Rendered products/index.html.erb within layouts/application (38.4ms)
Completed 200 OK in 1560ms (Views: 1545.3ms | ActiveRecord: 9.1ms)


Started GET "/assets/store.self-01bcd5fa5ac02a6554b5f573a92b89bea23aa571cd3d1bc48c1adcab155e2cf9.css?body=1" for 127.0.0.1 at 2015-06-02 13:53:28 +0900


Started GET "/" for 127.0.0.1 at 2015-06-02 13:53:39 +0900
Processing by StoreController#index as HTML
  [1m[35mProduct Load (6.3ms)[0m  SELECT "products".* FROM "products"  ORDER BY "products"."title" ASC
  Rendered store/index.html.erb within layouts/application (21.4ms)
Completed 200 OK in 466ms (Views: 437.2ms | ActiveRecord: 6.3ms)


Started GET "/products" for 127.0.0.1 at 2015-06-02 13:53:48 +0900
Processing by ProductsController#index as HTML
  [1m[36mProduct Load (0.8ms)[0m  [1mSELECT "products".* FROM "products"[0m
  Rendered products/index.html.erb within layouts/application (36.0ms)
Completed 200 OK in 1096ms (Views: 1082.8ms | ActiveRecord: 0.8ms)


Started GET "/products/1/edit" for 127.0.0.1 at 2015-06-02 13:53:55 +0900
Processing by ProductsController#edit as HTML
  Parameters: {"id"=>"1"}
  [1m[35mProduct Load (12.1ms)[0m  SELECT  "products".* FROM "products" WHERE "products"."id" = ? LIMIT 1  [["id", 1]]
  Rendered products/_form.html.erb (105.6ms)
  Rendered products/edit.html.erb within layouts/application (114.3ms)
Completed 200 OK in 843ms (Views: 817.1ms | ActiveRecord: 12.1ms)


Started PATCH "/products/1" for 127.0.0.1 at 2015-06-02 13:54:00 +0900
Processing by ProductsController#update as HTML
  Parameters: {"utf8"=>"✓", "authenticity_token"=>"UVsQLoeQSxz73OWSlI63f9+xrw2CcT4PExvPzHrW/5rc4oqCXLzcRgPKuedhI7sMOGZh7/KyClz+6qfuIH5fPw==", "product"=>{"title"=>"순하리", "description"=>"개존맛", "image_url"=>"http://postfiles13.naver.net/20150518_140/knnk6807_1431956449655D22h5_JPEG/b3.jpg?type=w3", "price"=>"3000"}, "commit"=>"Update Product", "id"=>"1"}
  [1m[36mProduct Load (4.2ms)[0m  [1mSELECT  "products".* FROM "products" WHERE "products"."id" = ? LIMIT 1[0m  [["id", 1]]
  [1m[35m (0.3ms)[0m  begin transaction
  [1m[36mProduct Exists (7.6ms)[0m  [1mSELECT  1 AS one FROM "products" WHERE ("products"."title" = '순하리' AND "products"."id" != 1) LIMIT 1[0m
  [1m[35m (0.4ms)[0m  commit transaction
Redirected to http://localhost:3000/products/1
Completed 302 Found in 65ms (ActiveRecord: 12.5ms)


Started GET "/products/1" for 127.0.0.1 at 2015-06-02 13:54:01 +0900
Processing by ProductsController#show as HTML
  Parameters: {"id"=>"1"}
  [1m[36mProduct Load (0.4ms)[0m  [1mSELECT  "products".* FROM "products" WHERE "products"."id" = ? LIMIT 1[0m  [["id", 1]]
  Rendered products/show.html.erb within layouts/application (2.1ms)
Completed 200 OK in 491ms (Views: 480.6ms | ActiveRecord: 0.4ms)


Started GET "/products/1/edit" for 127.0.0.1 at 2015-06-02 13:54:08 +0900
Processing by ProductsController#edit as HTML
  Parameters: {"id"=>"1"}
  [1m[35mProduct Load (1.9ms)[0m  SELECT  "products".* FROM "products" WHERE "products"."id" = ? LIMIT 1  [["id", 1]]
  Rendered products/_form.html.erb (36.3ms)
  Rendered products/edit.html.erb within layouts/application (46.9ms)
Completed 200 OK in 900ms (Views: 886.8ms | ActiveRecord: 1.9ms)


Started PATCH "/products/1" for 127.0.0.1 at 2015-06-02 13:54:14 +0900
Processing by ProductsController#update as HTML
  Parameters: {"utf8"=>"✓", "authenticity_token"=>"r4PSRmXGBFLOD3v/u1JgwS0zMNXM5u8QH6JOjNW8oAkiOkjqvuqTCDYZJ4pO/2yyyuT+N7wl20PyUyaujxQArA==", "product"=>{"title"=>"순하리", "description"=>"개존맛", "image_url"=>"http://postfiles13.naver.net/20150518_140/knnk6807_1431956449655D22h5_JPEG/b3.jpg?type=w3", "price"=>"3000"}, "commit"=>"Update Product", "id"=>"1"}
  [1m[36mProduct Load (6.7ms)[0m  [1mSELECT  "products".* FROM "products" WHERE "products"."id" = ? LIMIT 1[0m  [["id", 1]]
  [1m[35m (0.5ms)[0m  begin transaction
  [1m[36mProduct Exists (3.6ms)[0m  [1mSELECT  1 AS one FROM "products" WHERE ("products"."title" = '순하리' AND "products"."id" != 1) LIMIT 1[0m
  [1m[35m (0.3ms)[0m  commit transaction
Redirected to http://localhost:3000/products/1
Completed 302 Found in 76ms (ActiveRecord: 11.0ms)


Started GET "/products/1" for 127.0.0.1 at 2015-06-02 13:54:14 +0900
Processing by ProductsController#show as HTML
  Parameters: {"id"=>"1"}
  [1m[36mProduct Load (5.2ms)[0m  [1mSELECT  "products".* FROM "products" WHERE "products"."id" = ? LIMIT 1[0m  [["id", 1]]
  Rendered products/show.html.erb within layouts/application (6.6ms)
Completed 200 OK in 456ms (Views: 443.0ms | ActiveRecord: 5.2ms)


Started GET "/products/1/edit" for 127.0.0.1 at 2015-06-02 13:55:56 +0900
  [1m[35mActiveRecord::SchemaMigration Load (0.6ms)[0m  SELECT "schema_migrations".* FROM "schema_migrations"
Processing by ProductsController#edit as HTML
  Parameters: {"id"=>"1"}
  [1m[36mProduct Load (3.6ms)[0m  [1mSELECT  "products".* FROM "products" WHERE "products"."id" = ? LIMIT 1[0m  [["id", 1]]
  Rendered products/_form.html.erb (26.8ms)
  Rendered products/edit.html.erb within layouts/application (38.5ms)
Completed 200 OK in 643ms (Views: 481.4ms | ActiveRecord: 25.6ms)


Started PATCH "/products/1" for 127.0.0.1 at 2015-06-02 13:56:03 +0900
Processing by ProductsController#update as HTML
  Parameters: {"utf8"=>"✓", "authenticity_token"=>"7HPJw7luxbhyKiuCDkh85sepRkdSvxMFgaHfvLIuB3lhylNvYkJS4oo8d/f75XCVIH6IpSJ8J1ZsULee6Ian3A==", "product"=>{"title"=>"순하리", "description"=>"개존맛", "image_url"=>"http://postfiles13.naver.net/20150518_140/knnk6807_1431956449655D22h5_JPEG/b3.jpg?type=w3", "price"=>"3000"}, "commit"=>"Update Product", "id"=>"1"}
  [1m[35mProduct Load (6.7ms)[0m  SELECT  "products".* FROM "products" WHERE "products"."id" = ? LIMIT 1  [["id", 1]]
  [1m[36m (6.7ms)[0m  [1mbegin transaction[0m
  [1m[35mProduct Exists (0.7ms)[0m  SELECT  1 AS one FROM "products" WHERE ("products"."title" = '순하리' AND "products"."id" != 1) LIMIT 1
  [1m[36m (0.3ms)[0m  [1mcommit transaction[0m
Redirected to http://localhost:3000/products/1
Completed 302 Found in 125ms (ActiveRecord: 14.3ms)


Started GET "/products/1" for 127.0.0.1 at 2015-06-02 13:56:04 +0900
Processing by ProductsController#show as HTML
  Parameters: {"id"=>"1"}
  [1m[35mProduct Load (2.0ms)[0m  SELECT  "products".* FROM "products" WHERE "products"."id" = ? LIMIT 1  [["id", 1]]
  Rendered products/show.html.erb within layouts/application (10.5ms)
Completed 200 OK in 478ms (Views: 453.9ms | ActiveRecord: 2.0ms)


Started GET "/products" for 127.0.0.1 at 2015-06-02 13:56:07 +0900
Processing by ProductsController#index as HTML
  [1m[36mProduct Load (0.7ms)[0m  [1mSELECT "products".* FROM "products"[0m
  Rendered products/index.html.erb within layouts/application (19.8ms)
Completed 200 OK in 719ms (Views: 714.8ms | ActiveRecord: 0.7ms)
  [1m[36mActiveRecord::SchemaMigration Load (0.6ms)[0m  [1mSELECT "schema_migrations".* FROM "schema_migrations"[0m
  [1m[35mActiveRecord::SchemaMigration Load (0.5ms)[0m  SELECT "schema_migrations".* FROM "schema_migrations"


Started GET "/products" for 127.0.0.1 at 2015-06-02 13:56:40 +0900
Processing by ProductsController#index as HTML
  [1m[35mProduct Load (1.9ms)[0m  SELECT "products".* FROM "products"
  Rendered products/index.html.erb within layouts/application (137.6ms)
Completed 200 OK in 644ms (Views: 594.5ms | ActiveRecord: 10.7ms)


Started GET "/products/1/edit" for 127.0.0.1 at 2015-06-02 13:56:45 +0900
Processing by ProductsController#edit as HTML
  Parameters: {"id"=>"1"}
  [1m[36mProduct Load (4.1ms)[0m  [1mSELECT  "products".* FROM "products" WHERE "products"."id" = ? LIMIT 1[0m  [["id", 1]]
  Rendered products/_form.html.erb (38.2ms)
  Rendered products/edit.html.erb within layouts/application (46.6ms)
Completed 200 OK in 814ms (Views: 786.5ms | ActiveRecord: 4.1ms)


Started PATCH "/products/1" for 127.0.0.1 at 2015-06-02 13:56:51 +0900
Processing by ProductsController#update as HTML
  Parameters: {"utf8"=>"✓", "authenticity_token"=>"2ByufhTp7+bU0NtYl3qmHfPxZrhASCR1xjjtSICZdXJVpTTSz8V4vCzGhy1i16puFCaoWjCLECYryYVq2jHV1w==", "product"=>{"title"=>"순하리", "description"=>"개존맛", "image_url"=>"http://postfiles13.naver.net/20150518_140/knnk6807_1431956449655D22h5_JPEG/b3.jpg?type=w3", "price"=>"3000"}, "commit"=>"Update Product", "id"=>"1"}
  [1m[35mProduct Load (0.6ms)[0m  SELECT  "products".* FROM "products" WHERE "products"."id" = ? LIMIT 1  [["id", 1]]
  [1m[36m (0.3ms)[0m  [1mbegin transaction[0m
  [1m[35mProduct Exists (2.7ms)[0m  SELECT  1 AS one FROM "products" WHERE ("products"."title" = '순하리' AND "products"."id" != 1) LIMIT 1
  [1m[36m (0.3ms)[0m  [1mcommit transaction[0m
Redirected to http://localhost:3000/products/1
Completed 302 Found in 112ms (ActiveRecord: 3.9ms)


Started GET "/products/1" for 127.0.0.1 at 2015-06-02 13:56:51 +0900
Processing by ProductsController#show as HTML
  Parameters: {"id"=>"1"}
  [1m[35mProduct Load (2.5ms)[0m  SELECT  "products".* FROM "products" WHERE "products"."id" = ? LIMIT 1  [["id", 1]]
  Rendered products/show.html.erb within layouts/application (1.7ms)
Completed 200 OK in 1176ms (Views: 1150.3ms | ActiveRecord: 2.5ms)


Started GET "/products" for 127.0.0.1 at 2015-06-02 13:56:55 +0900
Processing by ProductsController#index as HTML
  [1m[36mProduct Load (6.6ms)[0m  [1mSELECT "products".* FROM "products"[0m
  Rendered products/index.html.erb within layouts/application (44.0ms)
Completed 200 OK in 528ms (Views: 512.7ms | ActiveRecord: 6.6ms)


Started GET "/" for 127.0.0.1 at 2015-06-02 14:00:03 +0900
Processing by StoreController#index as HTML
  [1m[35mProduct Load (3.4ms)[0m  SELECT "products".* FROM "products"  ORDER BY "products"."title" ASC
  Rendered store/index.html.erb within layouts/application (28.7ms)
Completed 200 OK in 497ms (Views: 486.2ms | ActiveRecord: 3.4ms)


Started GET "/images/logo.png" for 127.0.0.1 at 2015-06-02 14:00:04 +0900

ActionController::RoutingError (No route matches [GET] "/images/logo.png"):
  actionpack (4.2.1) lib/action_dispatch/middleware/debug_exceptions.rb:21:in `call'
  web-console (2.1.2) lib/web_console/middleware.rb:37:in `call'
  actionpack (4.2.1) lib/action_dispatch/middleware/show_exceptions.rb:30:in `call'
  railties (4.2.1) lib/rails/rack/logger.rb:38:in `call_app'
  railties (4.2.1) lib/rails/rack/logger.rb:20:in `block in call'
  activesupport (4.2.1) lib/active_support/tagged_logging.rb:68:in `block in tagged'
  activesupport (4.2.1) lib/active_support/tagged_logging.rb:26:in `tagged'
  activesupport (4.2.1) lib/active_support/tagged_logging.rb:68:in `tagged'
  railties (4.2.1) lib/rails/rack/logger.rb:20:in `call'
  actionpack (4.2.1) lib/action_dispatch/middleware/request_id.rb:21:in `call'
  rack (1.6.1) lib/rack/methodoverride.rb:22:in `call'
  rack (1.6.1) lib/rack/runtime.rb:18:in `call'
  activesupport (4.2.1) lib/active_support/cache/strategy/local_cache_middleware.rb:28:in `call'
  rack (1.6.1) lib/rack/lock.rb:17:in `call'
  actionpack (4.2.1) lib/action_dispatch/middleware/static.rb:113:in `call'
  rack (1.6.1) lib/rack/sendfile.rb:113:in `call'
  railties (4.2.1) lib/rails/engine.rb:518:in `call'
  railties (4.2.1) lib/rails/application.rb:164:in `call'
  rack (1.6.1) lib/rack/lock.rb:17:in `call'
  rack (1.6.1) lib/rack/content_length.rb:15:in `call'
  rack (1.6.1) lib/rack/handler/webrick.rb:89:in `service'
  /home/lth/.rvm/rubies/ruby-2.0.0-p643/lib/ruby/2.0.0/webrick/httpserver.rb:138:in `service'
  /home/lth/.rvm/rubies/ruby-2.0.0-p643/lib/ruby/2.0.0/webrick/httpserver.rb:94:in `run'
  /home/lth/.rvm/rubies/ruby-2.0.0-p643/lib/ruby/2.0.0/webrick/server.rb:295:in `block in start_thread'


  Rendered /home/lth/.rvm/gems/ruby-2.0.0-p643/gems/actionpack-4.2.1/lib/action_dispatch/middleware/templates/rescues/_trace.html.erb (11.7ms)
  Rendered /home/lth/.rvm/gems/ruby-2.0.0-p643/gems/actionpack-4.2.1/lib/action_dispatch/middleware/templates/routes/_route.html.erb (32.9ms)
  Rendered /home/lth/.rvm/gems/ruby-2.0.0-p643/gems/actionpack-4.2.1/lib/action_dispatch/middleware/templates/routes/_table.html.erb (10.5ms)
  Rendered /home/lth/.rvm/gems/ruby-2.0.0-p643/gems/actionpack-4.2.1/lib/action_dispatch/middleware/templates/rescues/_request_and_response.html.erb (23.1ms)
  Rendered /home/lth/.rvm/gems/ruby-2.0.0-p643/gems/actionpack-4.2.1/lib/action_dispatch/middleware/templates/rescues/routing_error.html.erb within rescues/layout (349.6ms)
  Rendered /home/lth/.rvm/gems/ruby-2.0.0-p643/gems/web-console-2.1.2/lib/web_console/templates/_markup.html.erb (6.0ms)
  Rendered /home/lth/.rvm/gems/ruby-2.0.0-p643/gems/web-console-2.1.2/lib/web_console/templates/style.css.erb within layouts/inlined_string (1.5ms)
  Rendered /home/lth/.rvm/gems/ruby-2.0.0-p643/gems/web-console-2.1.2/lib/web_console/templates/_inner_console_markup.html.erb within layouts/inlined_string (1.6ms)
  Rendered /home/lth/.rvm/gems/ruby-2.0.0-p643/gems/web-console-2.1.2/lib/web_console/templates/_prompt_box_markup.html.erb within layouts/inlined_string (1.6ms)
  Rendered /home/lth/.rvm/gems/ruby-2.0.0-p643/gems/web-console-2.1.2/lib/web_console/templates/console.js.erb within layouts/javascript (289.9ms)
  Rendered /home/lth/.rvm/gems/ruby-2.0.0-p643/gems/web-console-2.1.2/lib/web_console/templates/main.js.erb within layouts/javascript (1.9ms)
  Rendered /home/lth/.rvm/gems/ruby-2.0.0-p643/gems/web-console-2.1.2/lib/web_console/templates/error_page.js.erb within layouts/javascript (17.4ms)
  Rendered /home/lth/.rvm/gems/ruby-2.0.0-p643/gems/web-console-2.1.2/lib/web_console/templates/index.html.erb (603.7ms)


Started GET "/" for 127.0.0.1 at 2015-06-02 14:01:50 +0900
Processing by StoreController#index as HTML
  [1m[36mProduct Load (0.9ms)[0m  [1mSELECT "products".* FROM "products"  ORDER BY "products"."title" ASC[0m
  Rendered store/index.html.erb within layouts/application (27.3ms)
Completed 200 OK in 1148ms (Views: 1142.5ms | ActiveRecord: 0.9ms)


Started GET "/images/logo.jpg" for 127.0.0.1 at 2015-06-02 14:01:51 +0900

ActionController::RoutingError (No route matches [GET] "/images/logo.jpg"):
  actionpack (4.2.1) lib/action_dispatch/middleware/debug_exceptions.rb:21:in `call'
  web-console (2.1.2) lib/web_console/middleware.rb:37:in `call'
  actionpack (4.2.1) lib/action_dispatch/middleware/show_exceptions.rb:30:in `call'
  railties (4.2.1) lib/rails/rack/logger.rb:38:in `call_app'
  railties (4.2.1) lib/rails/rack/logger.rb:20:in `block in call'
  activesupport (4.2.1) lib/active_support/tagged_logging.rb:68:in `block in tagged'
  activesupport (4.2.1) lib/active_support/tagged_logging.rb:26:in `tagged'
  activesupport (4.2.1) lib/active_support/tagged_logging.rb:68:in `tagged'
  railties (4.2.1) lib/rails/rack/logger.rb:20:in `call'
  actionpack (4.2.1) lib/action_dispatch/middleware/request_id.rb:21:in `call'
  rack (1.6.1) lib/rack/methodoverride.rb:22:in `call'
  rack (1.6.1) lib/rack/runtime.rb:18:in `call'
  activesupport (4.2.1) lib/active_support/cache/strategy/local_cache_middleware.rb:28:in `call'
  rack (1.6.1) lib/rack/lock.rb:17:in `call'
  actionpack (4.2.1) lib/action_dispatch/middleware/static.rb:113:in `call'
  rack (1.6.1) lib/rack/sendfile.rb:113:in `call'
  railties (4.2.1) lib/rails/engine.rb:518:in `call'
  railties (4.2.1) lib/rails/application.rb:164:in `call'
  rack (1.6.1) lib/rack/lock.rb:17:in `call'
  rack (1.6.1) lib/rack/content_length.rb:15:in `call'
  rack (1.6.1) lib/rack/handler/webrick.rb:89:in `service'
  /home/lth/.rvm/rubies/ruby-2.0.0-p643/lib/ruby/2.0.0/webrick/httpserver.rb:138:in `service'
  /home/lth/.rvm/rubies/ruby-2.0.0-p643/lib/ruby/2.0.0/webrick/httpserver.rb:94:in `run'
  /home/lth/.rvm/rubies/ruby-2.0.0-p643/lib/ruby/2.0.0/webrick/server.rb:295:in `block in start_thread'


  Rendered /home/lth/.rvm/gems/ruby-2.0.0-p643/gems/actionpack-4.2.1/lib/action_dispatch/middleware/templates/rescues/_trace.html.erb (8.5ms)
  Rendered /home/lth/.rvm/gems/ruby-2.0.0-p643/gems/actionpack-4.2.1/lib/action_dispatch/middleware/templates/routes/_route.html.erb (29.9ms)
  Rendered /home/lth/.rvm/gems/ruby-2.0.0-p643/gems/actionpack-4.2.1/lib/action_dispatch/middleware/templates/routes/_table.html.erb (31.2ms)
  Rendered /home/lth/.rvm/gems/ruby-2.0.0-p643/gems/actionpack-4.2.1/lib/action_dispatch/middleware/templates/rescues/_request_and_response.html.erb (23.6ms)
  Rendered /home/lth/.rvm/gems/ruby-2.0.0-p643/gems/actionpack-4.2.1/lib/action_dispatch/middleware/templates/rescues/routing_error.html.erb within rescues/layout (270.0ms)
  Rendered /home/lth/.rvm/gems/ruby-2.0.0-p643/gems/web-console-2.1.2/lib/web_console/templates/_markup.html.erb (1.5ms)
  Rendered /home/lth/.rvm/gems/ruby-2.0.0-p643/gems/web-console-2.1.2/lib/web_console/templates/style.css.erb within layouts/inlined_string (6.4ms)
  Rendered /home/lth/.rvm/gems/ruby-2.0.0-p643/gems/web-console-2.1.2/lib/web_console/templates/_inner_console_markup.html.erb within layouts/inlined_string (1.3ms)
  Rendered /home/lth/.rvm/gems/ruby-2.0.0-p643/gems/web-console-2.1.2/lib/web_console/templates/_prompt_box_markup.html.erb within layouts/inlined_string (6.2ms)
  Rendered /home/lth/.rvm/gems/ruby-2.0.0-p643/gems/web-console-2.1.2/lib/web_console/templates/console.js.erb within layouts/javascript (211.6ms)
  Rendered /home/lth/.rvm/gems/ruby-2.0.0-p643/gems/web-console-2.1.2/lib/web_console/templates/main.js.erb within layouts/javascript (1.7ms)
  Rendered /home/lth/.rvm/gems/ruby-2.0.0-p643/gems/web-console-2.1.2/lib/web_console/templates/error_page.js.erb within layouts/javascript (1.7ms)
  Rendered /home/lth/.rvm/gems/ruby-2.0.0-p643/gems/web-console-2.1.2/lib/web_console/templates/index.html.erb (425.9ms)


Started GET "/" for 127.0.0.1 at 2015-06-02 14:02:30 +0900
Processing by StoreController#index as HTML
  [1m[35mProduct Load (2.7ms)[0m  SELECT "products".* FROM "products"  ORDER BY "products"."title" ASC
  Rendered store/index.html.erb within layouts/application (34.9ms)
Completed 200 OK in 491ms (Views: 484.4ms | ActiveRecord: 2.7ms)


Started GET "/products" for 127.0.0.1 at 2015-06-02 14:02:45 +0900
Processing by ProductsController#index as HTML
  [1m[36mProduct Load (3.7ms)[0m  [1mSELECT "products".* FROM "products"[0m
  Rendered products/index.html.erb within layouts/application (46.6ms)
Completed 200 OK in 428ms (Views: 416.6ms | ActiveRecord: 3.7ms)


Started GET "/products/new" for 127.0.0.1 at 2015-06-02 14:02:49 +0900
Processing by ProductsController#new as HTML
  Rendered products/_form.html.erb (55.9ms)
  Rendered products/new.html.erb within layouts/application (69.2ms)
Completed 200 OK in 615ms (Views: 605.4ms | ActiveRecord: 0.0ms)


Started POST "/products" for 127.0.0.1 at 2015-06-02 14:03:12 +0900
Processing by ProductsController#create as HTML
  Parameters: {"utf8"=>"✓", "authenticity_token"=>"t7esYCEsUhPOdfEJ8e4fpm+Jeq4gjSJKrzNbY2m0HK06DjbM+gDFSTZjrXwEQxPViF60TFBOFhlCwjNBMxy8CA==", "product"=>{"title"=>"예거", "description"=>"존맛", "image_url"=>"http://postfiles5.naver.net/20150518_244/knnk6807_1431956448036lTELn_JPEG/b1.jpg?type=w3", "price"=>"10000"}, "commit"=>"Create Product"}
  [1m[35m (0.4ms)[0m  begin transaction
  [1m[36mProduct Exists (5.3ms)[0m  [1mSELECT  1 AS one FROM "products" WHERE "products"."title" = '예거' LIMIT 1[0m
  [1m[35mSQL (4.7ms)[0m  INSERT INTO "products" ("title", "description", "image_url", "price", "created_at", "updated_at") VALUES (?, ?, ?, ?, ?, ?)  [["title", "예거"], ["description", "존맛"], ["image_url", "http://postfiles5.naver.net/20150518_244/knnk6807_1431956448036lTELn_JPEG/b1.jpg?type=w3"], ["price", 10000.0], ["created_at", "2015-06-02 05:03:12.550271"], ["updated_at", "2015-06-02 05:03:12.550271"]]
  [1m[36m (13.2ms)[0m  [1mcommit transaction[0m
Redirected to http://localhost:3000/products/2
Completed 302 Found in 93ms (ActiveRecord: 23.6ms)


Started GET "/products/2" for 127.0.0.1 at 2015-06-02 14:03:12 +0900
Processing by ProductsController#show as HTML
  Parameters: {"id"=>"2"}
  [1m[35mProduct Load (0.5ms)[0m  SELECT  "products".* FROM "products" WHERE "products"."id" = ? LIMIT 1  [["id", 2]]
  Rendered products/show.html.erb within layouts/application (2.0ms)
Completed 200 OK in 424ms (Views: 409.5ms | ActiveRecord: 0.5ms)


Started GET "/products" for 127.0.0.1 at 2015-06-02 14:03:17 +0900
Processing by ProductsController#index as HTML
  [1m[36mProduct Load (9.3ms)[0m  [1mSELECT "products".* FROM "products"[0m
  Rendered products/index.html.erb within layouts/application (48.2ms)
Completed 200 OK in 430ms (Views: 412.9ms | ActiveRecord: 9.3ms)


Started GET "/" for 127.0.0.1 at 2015-06-02 14:03:58 +0900
Processing by StoreController#index as HTML
  [1m[35mProduct Load (5.2ms)[0m  SELECT "products".* FROM "products"  ORDER BY "products"."title" ASC
  Rendered store/index.html.erb within layouts/application (17.4ms)
Completed 200 OK in 444ms (Views: 425.0ms | ActiveRecord: 5.2ms)


Started GET "/" for 127.0.0.1 at 2015-06-02 14:06:10 +0900
Processing by StoreController#index as HTML
  [1m[36mProduct Load (1.0ms)[0m  [1mSELECT "products".* FROM "products"  ORDER BY "products"."title" ASC[0m
  Rendered store/index.html.erb within layouts/application (36.0ms)
Completed 200 OK in 1183ms (Views: 1178.7ms | ActiveRecord: 1.0ms)


Started GET "/" for 127.0.0.1 at 2015-06-02 14:09:17 +0900
Processing by StoreController#index as HTML
  [1m[35mProduct Load (10.6ms)[0m  SELECT "products".* FROM "products"  ORDER BY "products"."title" ASC
  Rendered store/index.html.erb within layouts/application (34.2ms)
Completed 200 OK in 706ms (Views: 691.6ms | ActiveRecord: 10.6ms)


Started GET "/assets/application.self-8c9732dc9596bae386f3ffc560876d1f1b7a924caac3463443625dbf96a77896.css?body=1" for 127.0.0.1 at 2015-06-02 14:09:18 +0900
